WARN [01-30|16:18:02] No etherbase set and no accounts found as default 
INFO [01-30|16:18:02] Starting peer-to-peer node               instance=Geth/v1.7.3-stable/darwin-amd64/go1.9.3
INFO [01-30|16:18:02] Allocated cache and file handles         database=/Users/kareem/Library/Ethereum/rinkeby/geth/chaindata cache=128 handles=1024
INFO [01-30|16:18:02] Writing custom genesis block 
INFO [01-30|16:18:02] Initialised chain configuration          config="{ChainID: 4 Homestead: 1 DAO: <nil> DAOSupport: true EIP150: 2 EIP155: 3 EIP158: 3 Byzantium: 1035301 Engine: clique}"
INFO [01-30|16:18:02] Initialising Ethereum protocol           versions="[63 62]" network=4
INFO [01-30|16:18:02] Loaded most recent local header          number=0 hash=6341fd…67e177 td=1
INFO [01-30|16:18:02] Loaded most recent local full block      number=0 hash=6341fd…67e177 td=1
INFO [01-30|16:18:02] Loaded most recent local fast block      number=0 hash=6341fd…67e177 td=1
INFO [01-30|16:18:02] Regenerated local transaction journal    transactions=0 accounts=0
INFO [01-30|16:18:02] Starting P2P networking 
2018/01/30 16:18:04 ssdp: got unexpected search target result "urn:schemas-upnp-org:device:WANConnectionDevice:1"
2018/01/30 16:18:04 ssdp: got unexpected search target result "urn:schemas-upnp-org:device:WANConnectionDevice:1"
2018/01/30 16:18:04 ssdp: got unexpected search target result "urn:schemas-upnp-org:device:WANConnectionDevice:1"
INFO [01-30|16:18:04] UDP listener up                          self=enode://1930491b09d54dc4101e18e9e4a406cf4684feae0e44cb2a577e072aed1b4a228d92c1a676ce5dcba73c16521054bd092ed632a44322d0dd5280429e3bd25ece@100.71.142.156:30303
INFO [01-30|16:18:04] RLPx listener up                         self=enode://1930491b09d54dc4101e18e9e4a406cf4684feae0e44cb2a577e072aed1b4a228d92c1a676ce5dcba73c16521054bd092ed632a44322d0dd5280429e3bd25ece@100.71.142.156:30303
INFO [01-30|16:18:04] IPC endpoint opened: /Users/kareem/Library/Ethereum/rinkeby/geth.ipc 
INFO [01-30|16:18:04] Mapped network port                      proto=udp extport=30303 intport=30303 interface="UPNP IGDv1-IP1"
INFO [01-30|16:18:04] Mapped network port                      proto=tcp extport=30303 intport=30303 interface="UPNP IGDv1-IP1"
INFO [01-30|16:18:24] Block synchronisation started 
INFO [01-30|16:18:25] Imported new block headers               count=192 elapsed=89.297ms number=192 hash=8c570c…ba360c ignored=0
INFO [01-30|16:18:25] Imported new block receipts              count=54  elapsed=604.294µs bytes=216 number=54  hash=dafe6e…02bf13 ignored=0
INFO [01-30|16:18:25] Imported new block receipts              count=138 elapsed=3.639ms   bytes=1058 number=192 hash=8c570c…ba360c ignored=0
INFO [01-30|16:18:25] Imported new block headers               count=192 elapsed=102.327ms number=384 hash=6d95fa…a59e49 ignored=0
INFO [01-30|16:18:25] Imported new block receipts              count=192 elapsed=1.365ms   bytes=768  number=384 hash=6d95fa…a59e49 ignored=0
INFO [01-30|16:18:26] Imported new state entries               count=490 elapsed=12.779µs  processed=490 pending=7841 retry=0 duplicate=0 unexpected=0
INFO [01-30|16:18:26] Imported new block headers               count=192 elapsed=84.874ms  number=576 hash=8cb307…7e165a ignored=0
INFO [01-30|16:18:26] Imported new block receipts              count=192 elapsed=1.431ms   bytes=768  number=576 hash=8cb307…7e165a ignored=0
INFO [01-30|16:18:26] Imported new block headers               count=192 elapsed=88.026ms  number=768 hash=d2f106…d25b87 ignored=0
INFO [01-30|16:18:26] Imported new block receipts              count=192 elapsed=1.837ms   bytes=768  number=768 hash=d2f106…d25b87 ignored=0
INFO [01-30|16:18:27] Imported new state entries               count=384 elapsed=5.552µs   processed=874 pending=11055 retry=0 duplicate=0 unexpected=0
INFO [01-30|16:18:27] Imported new block headers               count=192 elapsed=92.687ms  number=960 hash=413833…8d126d ignored=0
INFO [01-30|16:18:27] Imported new block receipts              count=192 elapsed=5.703ms   bytes=768  number=960 hash=413833…8d126d ignored=0
INFO [01-30|16:18:27] Imported new block headers               count=192 elapsed=86.534ms  number=1152 hash=9d3964…5b5a49 ignored=0
INFO [01-30|16:18:27] Imported new block receipts              count=192 elapsed=1.396ms   bytes=768  number=1152 hash=9d3964…5b5a49 ignored=0
INFO [01-30|16:18:27] Imported new block headers               count=192 elapsed=90.087ms  number=1344 hash=4524ae…5d3fff ignored=0
INFO [01-30|16:18:27] Imported new block receipts              count=192 elapsed=1.519ms   bytes=768  number=1344 hash=4524ae…5d3fff ignored=0
INFO [01-30|16:18:28] Imported new state entries               count=768 elapsed=2.973ms   processed=1642 pending=11329 retry=0 duplicate=0 unexpected=0
INFO [01-30|16:18:28] Imported new block headers               count=192 elapsed=89.332ms  number=1536 hash=ebcd68…10b559 ignored=0
INFO [01-30|16:18:28] Imported new block receipts              count=192 elapsed=1.923ms   bytes=768  number=1536 hash=ebcd68…10b559 ignored=0
INFO [01-30|16:18:29] Imported new state entries               count=384 elapsed=3.259ms   processed=2026 pending=11443 retry=0 duplicate=0 unexpected=0
INFO [01-30|16:18:29] Imported new block headers               count=192 elapsed=89.852ms  number=1728 hash=7eff72…2707a2 ignored=0
INFO [01-30|16:18:29] Imported new block receipts              count=192 elapsed=1.703ms   bytes=768  number=1728 hash=7eff72…2707a2 ignored=0
INFO [01-30|16:18:29] Imported new block headers               count=192 elapsed=97.701ms  number=1920 hash=d7b761…1129c2 ignored=0
INFO [01-30|16:18:29] Imported new block receipts              count=192 elapsed=1.635ms   bytes=768  number=1920 hash=d7b761…1129c2 ignored=0
INFO [01-30|16:18:30] Imported new block headers               count=192 elapsed=96.222ms  number=2112 hash=cc3a9a…11d37c ignored=0
INFO [01-30|16:18:30] Imported new block receipts              count=192 elapsed=1.583ms   bytes=768  number=2112 hash=cc3a9a…11d37c ignored=0
INFO [01-30|16:18:30] Imported new state entries               count=1152 elapsed=6.538ms   processed=3178 pending=10878 retry=0 duplicate=0 unexpected=0
INFO [01-30|16:18:31] Imported new block headers               count=192  elapsed=85.581ms  number=2304 hash=59a265…e4db8b ignored=0
INFO [01-30|16:18:31] Imported new block receipts              count=192  elapsed=1.565ms   bytes=768  number=2304 hash=59a265…e4db8b ignored=0
INFO [01-30|16:18:31] Imported new block headers               count=192  elapsed=91.402ms  number=2496 hash=dd9acd…90331d ignored=0
INFO [01-30|16:18:31] Imported new block receipts              count=192  elapsed=1.833ms   bytes=768  number=2496 hash=dd9acd…90331d ignored=0
INFO [01-30|16:18:31] Imported new state entries               count=384  elapsed=1.789ms   processed=3562 pending=10823 retry=0 duplicate=0 unexpected=0
INFO [01-30|16:18:31] Imported new block headers               count=192  elapsed=90.028ms  number=2688 hash=d6eab2…23c318 ignored=0
INFO [01-30|16:18:31] Imported new block receipts              count=192  elapsed=1.946ms   bytes=768  number=2688 hash=d6eab2…23c318 ignored=0
INFO [01-30|16:18:32] Imported new state entries               count=384  elapsed=3.698ms   processed=3946 pending=10826 retry=0 duplicate=0 unexpected=0
INFO [01-30|16:18:32] Imported new block headers               count=192  elapsed=97.076ms  number=2880 hash=eade74…522074 ignored=0
INFO [01-30|16:18:32] Imported new block receipts              count=192  elapsed=1.857ms   bytes=768  number=2880 hash=eade74…522074 ignored=0
INFO [01-30|16:18:32] Imported new block headers               count=192  elapsed=90.166ms  number=3072 hash=3998cb…57f6b9 ignored=0
INFO [01-30|16:18:32] Imported new block receipts              count=192  elapsed=1.580ms   bytes=768  number=3072 hash=3998cb…57f6b9 ignored=0
INFO [01-30|16:18:33] Imported new block headers               count=192  elapsed=88.861ms  number=3264 hash=55045e…20fe3e ignored=0
INFO [01-30|16:18:33] Imported new block receipts              count=192  elapsed=1.588ms   bytes=768  number=3264 hash=55045e…20fe3e ignored=0
INFO [01-30|16:18:33] Imported new state entries               count=768  elapsed=5.226ms   processed=4714 pending=10574 retry=0 duplicate=0 unexpected=0
INFO [01-30|16:18:34] Imported new block headers               count=192  elapsed=86.665ms  number=3456 hash=3d9a11…6c3c1b ignored=0
INFO [01-30|16:18:34] Imported new block receipts              count=192  elapsed=2.706ms   bytes=768  number=3456 hash=3d9a11…6c3c1b ignored=0
INFO [01-30|16:18:34] Imported new block headers               count=192  elapsed=87.022ms  number=3648 hash=a9c820…88e1bc ignored=0
INFO [01-30|16:18:34] Imported new block receipts              count=192  elapsed=1.661ms   bytes=768  number=3648 hash=a9c820…88e1bc ignored=0
INFO [01-30|16:18:35] Imported new state entries               count=768  elapsed=3.779ms   processed=5482 pending=10490 retry=0 duplicate=0 unexpected=0
INFO [01-30|16:18:35] Imported new block headers               count=192  elapsed=88.036ms  number=3840 hash=e11fd9…8a1ba6 ignored=0
INFO [01-30|16:18:35] Imported new block receipts              count=192  elapsed=6.481ms   bytes=768  number=3840 hash=e11fd9…8a1ba6 ignored=0
INFO [01-30|16:18:35] Imported new state entries               count=384  elapsed=2.148ms   processed=5866 pending=10390 retry=0 duplicate=0 unexpected=0
INFO [01-30|16:18:35] Imported new block headers               count=192  elapsed=92.607ms  number=4032 hash=27287d…a7d6b5 ignored=0
INFO [01-30|16:18:35] Imported new block receipts              count=66   elapsed=732.855µs bytes=264  number=3906 hash=e413d1…e14bec ignored=0
INFO [01-30|16:18:36] Imported new block receipts              count=126  elapsed=3.642ms   bytes=1914 number=4032 hash=27287d…a7d6b5 ignored=0
INFO [01-30|16:18:36] Imported new block headers               count=192  elapsed=90.635ms  number=4224 hash=c591be…e85d53 ignored=0
INFO [01-30|16:18:36] Imported new block receipts              count=192  elapsed=3.838ms   bytes=768  number=4224 hash=c591be…e85d53 ignored=0
INFO [01-30|16:18:36] Imported new state entries               count=768  elapsed=7.283ms   processed=6634 pending=10243 retry=0 duplicate=0 unexpected=0
INFO [01-30|16:18:37] Imported new block headers               count=192  elapsed=85.342ms  number=4416 hash=1e5c33…393dd5 ignored=0
INFO [01-30|16:18:37] Imported new block receipts              count=192  elapsed=1.834ms   bytes=768  number=4416 hash=1e5c33…393dd5 ignored=0
INFO [01-30|16:18:37] Imported new block headers               count=192  elapsed=91.105ms  number=4608 hash=538b29…780c13 ignored=0
INFO [01-30|16:18:37] Imported new block receipts              count=192  elapsed=1.950ms   bytes=768  number=4608 hash=538b29…780c13 ignored=0
INFO [01-30|16:18:37] Imported new state entries               count=384  elapsed=2.486ms   processed=7018 pending=10083 retry=0 duplicate=0 unexpected=0
INFO [01-30|16:18:37] Imported new block headers               count=192  elapsed=91.865ms  number=4800 hash=50820a…4b337d ignored=0
INFO [01-30|16:18:37] Imported new block receipts              count=192  elapsed=2.063ms   bytes=768  number=4800 hash=50820a…4b337d ignored=0
INFO [01-30|16:18:38] Imported new state entries               count=384  elapsed=2.129ms   processed=7402 pending=10094 retry=0 duplicate=0 unexpected=0
INFO [01-30|16:18:38] Imported new block headers               count=192  elapsed=86.670ms  number=4992 hash=ad12ee…6f5b42 ignored=0
INFO [01-30|16:18:38] Imported new block receipts              count=192  elapsed=1.764ms   bytes=768  number=4992 hash=ad12ee…6f5b42 ignored=0
INFO [01-30|16:18:38] Imported new state entries               count=384  elapsed=3.344ms   processed=7786 pending=10163 retry=0 duplicate=0 unexpected=0
INFO [01-30|16:18:38] Imported new block headers               count=192  elapsed=89.234ms  number=5184 hash=c928d6…764b9f ignored=0
INFO [01-30|16:18:38] Imported new block receipts              count=192  elapsed=2.078ms   bytes=768  number=5184 hash=c928d6…764b9f ignored=0
INFO [01-30|16:18:39] Imported new block headers               count=192  elapsed=95.943ms  number=5376 hash=6d6b63…16e7a2 ignored=0
INFO [01-30|16:18:39] Imported new block receipts              count=192  elapsed=1.945ms   bytes=768  number=5376 hash=6d6b63…16e7a2 ignored=0
INFO [01-30|16:18:40] Imported new block headers               count=192  elapsed=93.472ms  number=5568 hash=93f0f8…fdebf3 ignored=0
INFO [01-30|16:18:40] Imported new block receipts              count=192  elapsed=2.051ms   bytes=768  number=5568 hash=93f0f8…fdebf3 ignored=0
INFO [01-30|16:18:40] Imported new state entries               count=1152 elapsed=4.206ms   processed=8938 pending=9817  retry=0 duplicate=0 unexpected=0
INFO [01-30|16:18:41] Imported new block headers               count=192  elapsed=108.044ms number=5760 hash=1ff4ac…0a423a ignored=0
INFO [01-30|16:18:41] Imported new block receipts              count=192  elapsed=1.907ms   bytes=768  number=5760 hash=1ff4ac…0a423a ignored=0
INFO [01-30|16:18:41] Imported new state entries               count=384  elapsed=3.504ms   processed=9322 pending=9717  retry=0 duplicate=0 unexpected=0
INFO [01-30|16:18:41] Imported new block headers               count=192  elapsed=94.105ms  number=5952 hash=7875aa…590407 ignored=0
INFO [01-30|16:18:41] Imported new block receipts              count=192  elapsed=1.736ms   bytes=768  number=5952 hash=7875aa…590407 ignored=0
INFO [01-30|16:18:42] Imported new block headers               count=192  elapsed=91.019ms  number=6144 hash=263d8e…5672a9 ignored=0
INFO [01-30|16:18:42] Imported new block receipts              count=192  elapsed=1.755ms   bytes=768  number=6144 hash=263d8e…5672a9 ignored=0
INFO [01-30|16:18:42] Imported new block headers               count=192  elapsed=86.998ms  number=6336 hash=49dcf2…ae2dc0 ignored=0
INFO [01-30|16:18:42] Imported new block receipts              count=192  elapsed=2.100ms   bytes=768  number=6336 hash=49dcf2…ae2dc0 ignored=0
INFO [01-30|16:18:42] Imported new state entries               count=768  elapsed=2.729ms   processed=10090 pending=9451  retry=0 duplicate=0 unexpected=0
INFO [01-30|16:18:43] Imported new block headers               count=192  elapsed=96.642ms  number=6528 hash=eb8557…5cc3d9 ignored=0
INFO [01-30|16:18:43] Imported new block receipts              count=192  elapsed=1.754ms   bytes=768  number=6528 hash=eb8557…5cc3d9 ignored=0
INFO [01-30|16:18:43] Imported new state entries               count=384  elapsed=5.659ms   processed=10474 pending=9414  retry=0 duplicate=0 unexpected=0
INFO [01-30|16:18:43] Imported new block headers               count=192  elapsed=85.041ms  number=6720 hash=288a07…da6bbb ignored=0
INFO [01-30|16:18:43] Imported new block receipts              count=192  elapsed=1.869ms   bytes=768  number=6720 hash=288a07…da6bbb ignored=0
INFO [01-30|16:18:44] Imported new state entries               count=384  elapsed=3.197ms   processed=10858 pending=9319  retry=0 duplicate=0 unexpected=0
INFO [01-30|16:18:44] Imported new block headers               count=192  elapsed=94.913ms  number=6912 hash=32c9f0…9b2a1f ignored=0
INFO [01-30|16:18:44] Imported new block receipts              count=192  elapsed=2.652ms   bytes=768  number=6912 hash=32c9f0…9b2a1f ignored=0
INFO [01-30|16:18:45] Imported new block headers               count=192  elapsed=95.469ms  number=7104 hash=40562e…b55f7a ignored=0
INFO [01-30|16:18:45] Imported new block receipts              count=192  elapsed=1.783ms   bytes=768  number=7104 hash=40562e…b55f7a ignored=0
INFO [01-30|16:18:45] Imported new state entries               count=768  elapsed=2.896ms   processed=11626 pending=9130  retry=0 duplicate=0 unexpected=0
INFO [01-30|16:18:46] Imported new block headers               count=192  elapsed=102.316ms number=7296 hash=88456b…649948 ignored=0
INFO [01-30|16:18:46] Imported new block receipts              count=192  elapsed=2.323ms   bytes=768  number=7296 hash=88456b…649948 ignored=0
INFO [01-30|16:18:46] Imported new state entries               count=384  elapsed=2.512ms   processed=12010 pending=9089  retry=0 duplicate=0 unexpected=0
INFO [01-30|16:18:46] Imported new block headers               count=192  elapsed=94.611ms  number=7488 hash=add5a8…599711 ignored=0
INFO [01-30|16:18:46] Imported new block receipts              count=192  elapsed=2.817ms   bytes=768  number=7488 hash=add5a8…599711 ignored=0
INFO [01-30|16:18:47] Imported new state entries               count=384  elapsed=2.432ms   processed=12394 pending=9006  retry=0 duplicate=0 unexpected=0
INFO [01-30|16:18:47] Imported new block headers               count=192  elapsed=85.280ms  number=7680 hash=e68fae…c866dc ignored=0
INFO [01-30|16:18:47] Imported new block receipts              count=192  elapsed=1.948ms   bytes=768  number=7680 hash=e68fae…c866dc ignored=0
INFO [01-30|16:18:48] Imported new state entries               count=384  elapsed=2.741ms   processed=12778 pending=9195  retry=0 duplicate=0 unexpected=0
INFO [01-30|16:18:48] Imported new block headers               count=192  elapsed=119.057ms number=7872 hash=8eaf10…c27981 ignored=0
INFO [01-30|16:18:48] Imported new block receipts              count=192  elapsed=2.504ms   bytes=768  number=7872 hash=8eaf10…c27981 ignored=0
INFO [01-30|16:18:49] Imported new block headers               count=192  elapsed=102.722ms number=8064 hash=c8dc8b…64e353 ignored=0
INFO [01-30|16:18:49] Imported new block receipts              count=192  elapsed=2.049ms   bytes=768  number=8064 hash=c8dc8b…64e353 ignored=0
INFO [01-30|16:18:49] Imported new block headers               count=192  elapsed=96.013ms  number=8256 hash=d6de11…235678 ignored=0
INFO [01-30|16:18:49] Imported new block receipts              count=192  elapsed=2.440ms   bytes=768  number=8256 hash=d6de11…235678 ignored=0
INFO [01-30|16:18:50] Imported new state entries               count=1152 elapsed=6.564ms   processed=13930 pending=8709  retry=0 duplicate=0 unexpected=0
INFO [01-30|16:18:50] Imported new block headers               count=192  elapsed=88.870ms  number=8448 hash=9c501c…54faa1 ignored=0
INFO [01-30|16:18:50] Imported new block receipts              count=192  elapsed=1.931ms   bytes=768  number=8448 hash=9c501c…54faa1 ignored=0
INFO [01-30|16:18:50] Imported new state entries               count=384  elapsed=2.759ms   processed=14314 pending=8622  retry=0 duplicate=0 unexpected=0
INFO [01-30|16:18:51] Imported new block headers               count=192  elapsed=89.294ms  number=8640 hash=19e90f…9aaf7f ignored=0
INFO [01-30|16:18:51] Imported new block receipts              count=192  elapsed=1.965ms   bytes=768  number=8640 hash=19e90f…9aaf7f ignored=0
INFO [01-30|16:18:51] Imported new state entries               count=384  elapsed=2.287ms   processed=14698 pending=8740  retry=0 duplicate=0 unexpected=0
INFO [01-30|16:18:51] Imported new block headers               count=192  elapsed=136.109ms number=8832 hash=7d3e5b…d27c91 ignored=0
INFO [01-30|16:18:51] Imported new block receipts              count=192  elapsed=2.347ms   bytes=768  number=8832 hash=7d3e5b…d27c91 ignored=0
INFO [01-30|16:18:52] Imported new state entries               count=384  elapsed=2.203ms   processed=15082 pending=8807  retry=0 duplicate=0 unexpected=0
INFO [01-30|16:18:52] Imported new block headers               count=192  elapsed=86.100ms  number=9024 hash=6705c6…078ee7 ignored=0
INFO [01-30|16:18:52] Imported new block receipts              count=192  elapsed=7.059ms   bytes=768  number=9024 hash=6705c6…078ee7 ignored=0
INFO [01-30|16:18:53] Imported new block headers               count=192  elapsed=88.550ms  number=9216 hash=b36021…f89062 ignored=0
INFO [01-30|16:18:53] Imported new block receipts              count=192  elapsed=2.169ms   bytes=768  number=9216 hash=b36021…f89062 ignored=0
INFO [01-30|16:18:54] Imported new block headers               count=192  elapsed=87.254ms  number=9408 hash=85d92c…070136 ignored=0
INFO [01-30|16:18:54] Imported new block receipts              count=192  elapsed=2.060ms   bytes=768  number=9408 hash=85d92c…070136 ignored=0
INFO [01-30|16:18:55] Imported new state entries               count=1152 elapsed=5.591ms   processed=16234 pending=8375  retry=0 duplicate=0 unexpected=0
INFO [01-30|16:18:55] Imported new block headers               count=192  elapsed=86.814ms  number=9600 hash=e5d5d5…3a6f1e ignored=0
INFO [01-30|16:18:55] Imported new block receipts              count=192  elapsed=1.900ms   bytes=768  number=9600 hash=e5d5d5…3a6f1e ignored=0
INFO [01-30|16:18:55] Imported new state entries               count=384  elapsed=1.590ms   processed=16618 pending=8835  retry=0 duplicate=0 unexpected=0
INFO [01-30|16:18:56] Imported new block headers               count=192  elapsed=88.858ms  number=9792 hash=bac424…3fb3aa ignored=0
INFO [01-30|16:18:56] Imported new block receipts              count=192  elapsed=1.974ms   bytes=768  number=9792 hash=bac424…3fb3aa ignored=0
INFO [01-30|16:19:00] Imported new block headers               count=192  elapsed=87.423ms  number=9984 hash=adf097…969c56 ignored=0
INFO [01-30|16:19:00] Imported new block receipts              count=192  elapsed=1.792ms   bytes=768  number=9984 hash=adf097…969c56 ignored=0
INFO [01-30|16:19:02] Imported new block headers               count=192  elapsed=102.530ms number=10176 hash=ca7432…e49656 ignored=0
INFO [01-30|16:19:02] Imported new block receipts              count=192  elapsed=1.883ms   bytes=768  number=10176 hash=ca7432…e49656 ignored=0
INFO [01-30|16:19:02] Imported new state entries               count=1152 elapsed=7.208ms   processed=17770 pending=8329  retry=0 duplicate=0 unexpected=0
INFO [01-30|16:19:02] Imported new block headers               count=192  elapsed=114.515ms number=10368 hash=70e8a0…679d77 ignored=0
INFO [01-30|16:19:02] Imported new block receipts              count=192  elapsed=3.936ms   bytes=768  number=10368 hash=70e8a0…679d77 ignored=0
INFO [01-30|16:19:05] Imported new block headers               count=192  elapsed=87.747ms  number=10560 hash=fe1de1…342226 ignored=0
INFO [01-30|16:19:05] Imported new block receipts              count=192  elapsed=1.612ms   bytes=768  number=10560 hash=fe1de1…342226 ignored=0
INFO [01-30|16:19:06] Imported new block headers               count=192  elapsed=102.579ms number=10752 hash=7360ad…618226 ignored=0
INFO [01-30|16:19:06] Imported new block receipts              count=188  elapsed=1.713ms   bytes=752  number=10748 hash=bd3e30…81eac4 ignored=0
INFO [01-30|16:19:07] Imported new state entries               count=1152 elapsed=4.071ms   processed=18922 pending=8831  retry=0 duplicate=0 unexpected=0
INFO [01-30|16:19:07] Imported new block receipts              count=4    elapsed=201.173µs bytes=524  number=10752 hash=7360ad…618226 ignored=0
INFO [01-30|16:19:07] Imported new block headers               count=192  elapsed=90.273ms  number=10944 hash=c69857…e0f549 ignored=0
INFO [01-30|16:19:07] Imported new block receipts              count=105  elapsed=1.018ms   bytes=420  number=10857 hash=6a87b2…38ccc4 ignored=0
INFO [01-30|16:19:08] Imported new state entries               count=384  elapsed=2.623ms   processed=19306 pending=8870  retry=0 duplicate=0 unexpected=0
INFO [01-30|16:19:08] Imported new block receipts              count=87   elapsed=1.528ms   bytes=856  number=10944 hash=c69857…e0f549 ignored=0
INFO [01-30|16:19:08] Imported new block headers               count=192  elapsed=94.806ms  number=11136 hash=0b8fed…73a25a ignored=0
INFO [01-30|16:19:08] Imported new block receipts              count=190  elapsed=7.039ms   bytes=760  number=11134 hash=6d96be…7b998b ignored=0
INFO [01-30|16:19:09] Imported new state entries               count=384  elapsed=3.325ms   processed=19690 pending=8771  retry=0 duplicate=0 unexpected=0
INFO [01-30|16:19:09] Imported new block receipts              count=2    elapsed=367.9µs   bytes=516  number=11136 hash=0b8fed…73a25a ignored=0
INFO [01-30|16:19:09] Imported new block headers               count=192  elapsed=93.614ms  number=11328 hash=d3cea3…078eab ignored=0
INFO [01-30|16:19:09] Imported new block receipts              count=26   elapsed=645.49µs  bytes=104  number=11162 hash=115d7a…f4f319 ignored=0
INFO [01-30|16:19:10] Imported new state entries               count=384  elapsed=2.918ms   processed=20074 pending=8934  retry=0 duplicate=0 unexpected=0
INFO [01-30|16:19:10] Imported new block receipts              count=166  elapsed=40.149ms  bytes=2188 number=11328 hash=d3cea3…078eab ignored=0
INFO [01-30|16:19:10] Imported new block headers               count=192  elapsed=98.643ms  number=11520 hash=2d524c…110f74 ignored=0
INFO [01-30|16:19:10] Imported new block receipts              count=13   elapsed=229.581µs bytes=52   number=11341 hash=16702b…e8caca ignored=0
INFO [01-30|16:19:11] Imported new block receipts              count=179  elapsed=4.556ms   bytes=2240 number=11520 hash=2d524c…110f74 ignored=0
INFO [01-30|16:19:11] Imported new block headers               count=192  elapsed=91.966ms  number=11712 hash=44e2d5…0a8611 ignored=0
INFO [01-30|16:19:11] Imported new block receipts              count=192  elapsed=2.021ms   bytes=768  number=11712 hash=44e2d5…0a8611 ignored=0
INFO [01-30|16:19:12] Imported new block headers               count=192  elapsed=91.331ms  number=11904 hash=65ef79…270798 ignored=0
INFO [01-30|16:19:12] Imported new block receipts              count=151  elapsed=1.487ms   bytes=604  number=11863 hash=c5c324…afadff ignored=0
INFO [01-30|16:19:13] Imported new block receipts              count=41   elapsed=3.120ms   bytes=672  number=11904 hash=65ef79…270798 ignored=0
INFO [01-30|16:19:13] Imported new block headers               count=192  elapsed=86.620ms  number=12096 hash=b44066…ddc72b ignored=0
INFO [01-30|16:19:13] Imported new block receipts              count=192  elapsed=1.775ms   bytes=768  number=12096 hash=b44066…ddc72b ignored=0
INFO [01-30|16:19:14] Imported new state entries               count=1536 elapsed=8.176ms   processed=21610 pending=8482  retry=0 duplicate=0 unexpected=0
INFO [01-30|16:19:14] Imported new block headers               count=192  elapsed=91.236ms  number=12288 hash=505675…2b29ca ignored=0
INFO [01-30|16:19:14] Imported new block receipts              count=192  elapsed=1.818ms   bytes=768  number=12288 hash=505675…2b29ca ignored=0
INFO [01-30|16:19:15] Imported new state entries               count=384  elapsed=1.505ms   processed=21994 pending=8505  retry=0 duplicate=0 unexpected=0
INFO [01-30|16:19:15] Imported new block headers               count=192  elapsed=88.012ms  number=12480 hash=b9c6f9…e3b84d ignored=0
INFO [01-30|16:19:15] Imported new block receipts              count=192  elapsed=6.375ms   bytes=768  number=12480 hash=b9c6f9…e3b84d ignored=0
INFO [01-30|16:19:16] Imported new state entries               count=384  elapsed=3.293ms   processed=22378 pending=8409  retry=0 duplicate=0 unexpected=0
INFO [01-30|16:19:16] Imported new block headers               count=192  elapsed=96.955ms  number=12672 hash=81a15e…f7933e ignored=0
INFO [01-30|16:19:16] Imported new block receipts              count=192  elapsed=1.574ms   bytes=768  number=12672 hash=81a15e…f7933e ignored=0
INFO [01-30|16:19:18] Imported new state entries               count=384  elapsed=1.846ms   processed=22762 pending=8431  retry=0 duplicate=0 unexpected=0
INFO [01-30|16:19:18] Imported new block headers               count=192  elapsed=91.715ms  number=12864 hash=003920…efbd44 ignored=0
INFO [01-30|16:19:18] Imported new block receipts              count=192  elapsed=1.907ms   bytes=768  number=12864 hash=003920…efbd44 ignored=0
INFO [01-30|16:19:19] Imported new state entries               count=768  elapsed=2.850ms   processed=23530 pending=8683  retry=0 duplicate=0 unexpected=0
INFO [01-30|16:19:19] Imported new block headers               count=192  elapsed=93.597ms  number=13056 hash=b9d9d9…dc79c4 ignored=0
INFO [01-30|16:19:19] Imported new block receipts              count=192  elapsed=2.142ms   bytes=768  number=13056 hash=b9d9d9…dc79c4 ignored=0
INFO [01-30|16:19:19] Imported new block headers               count=192  elapsed=92.979ms  number=13248 hash=ce671c…4e74de ignored=0
INFO [01-30|16:19:19] Imported new block receipts              count=10   elapsed=348.637µs bytes=40   number=13066 hash=14b063…7a99b8 ignored=0
INFO [01-30|16:19:20] Imported new state entries               count=768  elapsed=6.909ms   processed=24298 pending=8638  retry=0 duplicate=0 unexpected=0
INFO [01-30|16:19:20] Imported new block receipts              count=182  elapsed=3.992ms   bytes=1744 number=13248 hash=ce671c…4e74de ignored=0
INFO [01-30|16:19:21] Imported new block headers               count=384  elapsed=172.095ms number=13632 hash=128d2e…045665 ignored=0
INFO [01-30|16:19:21] Imported new block receipts              count=170  elapsed=1.912ms   bytes=680  number=13418 hash=d99f6e…02ee43 ignored=0
INFO [01-30|16:19:21] Imported new block receipts              count=214  elapsed=2.978ms   bytes=2878 number=13632 hash=128d2e…045665 ignored=0
INFO [01-30|16:19:21] Imported new block headers               count=192  elapsed=87.459ms  number=13824 hash=9f25a4…65b7ec ignored=0
INFO [01-30|16:19:21] Imported new block receipts              count=22   elapsed=356.507µs bytes=88   number=13654 hash=545645…50c05a ignored=0
INFO [01-30|16:19:21] Imported new state entries               count=768  elapsed=2.611ms   processed=25066 pending=9827  retry=0 duplicate=0 unexpected=0
INFO [01-30|16:19:22] Imported new block receipts              count=170  elapsed=3.198ms   bytes=1186 number=13824 hash=9f25a4…65b7ec ignored=0
INFO [01-30|16:19:23] Imported new state entries               count=768  elapsed=3.629ms   processed=25834 pending=10084 retry=0 duplicate=0 unexpected=0
INFO [01-30|16:19:23] Imported new block headers               count=576  elapsed=263.913ms number=14400 hash=ffd06c…a83096 ignored=0
INFO [01-30|16:19:23] Imported new block receipts              count=257  elapsed=3.246ms   bytes=1028 number=14081 hash=e6e649…d91d8a ignored=0
INFO [01-30|16:19:24] Imported new state entries               count=768  elapsed=5.981ms   processed=26602 pending=9932  retry=0 duplicate=0 unexpected=0
INFO [01-30|16:19:24] Imported new block receipts              count=319  elapsed=4.331ms   bytes=13849 number=14400 hash=ffd06c…a83096 ignored=0
INFO [01-30|16:19:24] Imported new block headers               count=192  elapsed=105.963ms number=14592 hash=3fc2ec…608cbc ignored=0
INFO [01-30|16:19:24] Imported new block receipts              count=103  elapsed=1.138ms   bytes=412   number=14503 hash=8dbf02…805ab6 ignored=0
INFO [01-30|16:19:24] Imported new state entries               count=768  elapsed=3.502ms   processed=27370 pending=9495  retry=0 duplicate=0 unexpected=0
INFO [01-30|16:19:24] Imported new block receipts              count=89   elapsed=1.459ms   bytes=1372  number=14592 hash=3fc2ec…608cbc ignored=0
INFO [01-30|16:19:24] Imported new block headers               count=192  elapsed=89.409ms  number=14784 hash=03eedc…c7e330 ignored=0
INFO [01-30|16:19:24] Imported new block receipts              count=192  elapsed=1.962ms   bytes=768   number=14784 hash=03eedc…c7e330 ignored=0
INFO [01-30|16:19:24] Imported new block headers               count=192  elapsed=86.601ms  number=14976 hash=bac57f…fa8c6d ignored=0
INFO [01-30|16:19:24] Imported new block receipts              count=85   elapsed=935.258µs bytes=340   number=14869 hash=942ff0…6bb881 ignored=0
INFO [01-30|16:19:25] Imported new block receipts              count=107  elapsed=1.469ms   bytes=1441  number=14976 hash=bac57f…fa8c6d ignored=0
INFO [01-30|16:19:25] Imported new state entries               count=768  elapsed=4.276ms   processed=28138 pending=9658  retry=0 duplicate=0 unexpected=0
INFO [01-30|16:19:25] Imported new block headers               count=384  elapsed=176.832ms number=15360 hash=2c5892…f3723d ignored=0
INFO [01-30|16:19:25] Imported new block receipts              count=168  elapsed=1.630ms   bytes=672   number=15144 hash=7d356d…5568ce ignored=0
INFO [01-30|16:19:26] Imported new state entries               count=384  elapsed=566.36µs  processed=28522 pending=12809 retry=0 duplicate=0 unexpected=0
INFO [01-30|16:19:26] Imported new block receipts              count=216  elapsed=4.871ms   bytes=1372  number=15360 hash=2c5892…f3723d ignored=0
INFO [01-30|16:19:26] Imported new block headers               count=192  elapsed=96.742ms  number=15552 hash=f6c2e1…01cfb5 ignored=0
INFO [01-30|16:19:26] Imported new block receipts              count=47   elapsed=804.373µs bytes=188   number=15407 hash=e7f4dd…189dbf ignored=0
INFO [01-30|16:19:26] Imported new state entries               count=384  elapsed=2.533ms   processed=28906 pending=13434 retry=0 duplicate=0 unexpected=0
INFO [01-30|16:19:26] Imported new block headers               count=384  elapsed=176.894ms number=15936 hash=c60678…8bfa22 ignored=0
INFO [01-30|16:19:26] Imported new block receipts              count=529  elapsed=10.692ms  bytes=5672  number=15936 hash=c60678…8bfa22 ignored=0
INFO [01-30|16:19:26] Imported new state entries               count=1536 elapsed=4.273ms   processed=30442 pending=13722 retry=0 duplicate=0 unexpected=0
INFO [01-30|16:19:27] Imported new block headers               count=576  elapsed=263.467ms number=16512 hash=7a5e03…f6a14d ignored=0
INFO [01-30|16:19:27] Imported new block receipts              count=576  elapsed=7.353ms   bytes=2304  number=16512 hash=7a5e03…f6a14d ignored=0
INFO [01-30|16:19:27] Imported new block headers               count=192  elapsed=101.602ms number=16704 hash=d27a10…368db9 ignored=0
INFO [01-30|16:19:27] Imported new block receipts              count=192  elapsed=2.104ms   bytes=768   number=16704 hash=d27a10…368db9 ignored=0
INFO [01-30|16:19:27] Imported new block headers               count=576  elapsed=321.705ms number=17280 hash=ec26af…322160 ignored=0
INFO [01-30|16:19:27] Imported new block receipts              count=208  elapsed=3.306ms   bytes=832   number=16912 hash=d6b4c7…c1c6d1 ignored=0
INFO [01-30|16:19:27] Imported new state entries               count=1920 elapsed=8.799ms   processed=32362 pending=13223 retry=0 duplicate=0 unexpected=0
INFO [01-30|16:19:27] Imported new block headers               count=192  elapsed=115.075ms number=17472 hash=23959d…ee5439 ignored=0
INFO [01-30|16:19:28] Imported new block headers               count=192  elapsed=96.025ms  number=17664 hash=1bc286…46c46a ignored=0
INFO [01-30|16:19:28] Imported new block receipts              count=487  elapsed=12.714ms  bytes=2964  number=17399 hash=25c1c4…5df3bb ignored=0
INFO [01-30|16:19:28] Imported new block headers               count=192  elapsed=97.359ms  number=17856 hash=95e432…4f234a ignored=0
INFO [01-30|16:19:28] Imported new block receipts              count=304  elapsed=3.233ms   bytes=2231  number=17703 hash=e2c72a…e2f38a ignored=0
INFO [01-30|16:19:28] Imported new block receipts              count=153  elapsed=4.740ms   bytes=1628  number=17856 hash=95e432…4f234a ignored=0
INFO [01-30|16:19:28] Imported new block headers               count=384  elapsed=198.333ms number=18240 hash=4f7c3a…697dd3 ignored=0
INFO [01-30|16:19:28] Imported new block receipts              count=16   elapsed=266.624µs bytes=64    number=17872 hash=80e3a3…4b5e10 ignored=0
INFO [01-30|16:19:29] Imported new block headers               count=192  elapsed=94.627ms  number=18432 hash=47a35f…395101 ignored=0
INFO [01-30|16:19:29] Imported new state entries               count=1920 elapsed=8.006ms   processed=34282 pending=11895 retry=0 duplicate=0 unexpected=0
INFO [01-30|16:19:30] Imported new block receipts              count=560  elapsed=10.852ms  bytes=2748  number=18432 hash=47a35f…395101 ignored=0
INFO [01-30|16:19:31] Imported new block headers               count=576  elapsed=349.504ms number=19008 hash=949795…50a9b7 ignored=0
INFO [01-30|16:19:31] Imported new block receipts              count=18   elapsed=357.835µs bytes=72    number=18450 hash=ed44ad…8e2187 ignored=0
INFO [01-30|16:19:32] Imported new block receipts              count=558  elapsed=7.008ms   bytes=2740  number=19008 hash=949795…50a9b7 ignored=0
INFO [01-30|16:19:32] Imported new state entries               count=1920 elapsed=21.651ms  processed=36202 pending=11093 retry=0 duplicate=0 unexpected=0
INFO [01-30|16:19:33] Imported new block headers               count=384  elapsed=216.770ms number=19392 hash=60aa11…37a9bc ignored=0
INFO [01-30|16:19:33] Imported new block receipts              count=384  elapsed=3.702ms   bytes=1536  number=19392 hash=60aa11…37a9bc ignored=0
INFO [01-30|16:19:33] Imported new block headers               count=192  elapsed=114.441ms number=19584 hash=c46022…b2f9b4 ignored=0
INFO [01-30|16:19:33] Imported new block receipts              count=91   elapsed=1.452ms   bytes=364   number=19483 hash=c53870…33a1d7 ignored=0
INFO [01-30|16:19:34] Imported new block headers               count=384  elapsed=246.727ms number=19968 hash=d48939…52e9a1 ignored=0
INFO [01-30|16:19:34] Imported new state entries               count=1536 elapsed=12.251ms  processed=37738 pending=11146 retry=0 duplicate=0 unexpected=0
INFO [01-30|16:19:34] Imported new block receipts              count=485  elapsed=12.849ms  bytes=2448  number=19968 hash=d48939…52e9a1 ignored=0
INFO [01-30|16:19:34] Imported new block headers               count=192  elapsed=125.563ms number=20160 hash=e40fc8…900cd3 ignored=0
INFO [01-30|16:19:34] Imported new block receipts              count=191  elapsed=2.158ms   bytes=764   number=20159 hash=f84aad…8fd21e ignored=0
INFO [01-30|16:19:34] Imported new block headers               count=192  elapsed=123.996ms number=20352 hash=0ea6a0…874842 ignored=0
INFO [01-30|16:19:35] Imported new block headers               count=192  elapsed=118.465ms number=20544 hash=9a47a8…874178 ignored=0
INFO [01-30|16:19:35] Imported new block receipts              count=77   elapsed=980.752µs bytes=816   number=20236 hash=54a3e3…6d9924 ignored=0
INFO [01-30|16:19:35] Imported new block receipts              count=308  elapsed=5.847ms   bytes=3260  number=20544 hash=9a47a8…874178 ignored=0
INFO [01-30|16:19:35] Imported new block headers               count=192  elapsed=123.764ms number=20736 hash=688ec7…9d3b47 ignored=0
INFO [01-30|16:19:35] Imported new block receipts              count=192  elapsed=3.218ms   bytes=768   number=20736 hash=688ec7…9d3b47 ignored=0
INFO [01-30|16:19:35] Imported new block headers               count=192  elapsed=114.283ms number=20928 hash=44a0d3…38a1e4 ignored=0
INFO [01-30|16:19:35] Imported new block receipts              count=192  elapsed=3.339ms   bytes=768   number=20928 hash=44a0d3…38a1e4 ignored=0
INFO [01-30|16:19:36] Imported new block headers               count=192  elapsed=126.214ms number=21120 hash=586a6b…ccd716 ignored=0
INFO [01-30|16:19:36] Imported new block receipts              count=192  elapsed=3.554ms   bytes=768   number=21120 hash=586a6b…ccd716 ignored=0
INFO [01-30|16:19:36] Imported new state entries               count=1920 elapsed=11.596ms  processed=39658 pending=10347 retry=0 duplicate=0 unexpected=0
INFO [01-30|16:19:36] Imported new block headers               count=192  elapsed=121.684ms number=21312 hash=380659…6f8508 ignored=0
INFO [01-30|16:19:36] Imported new block receipts              count=130  elapsed=1.967ms   bytes=520   number=21250 hash=89759d…006c45 ignored=0
INFO [01-30|16:19:36] Imported new block headers               count=192  elapsed=103.527ms number=21504 hash=096da7…16b543 ignored=0
INFO [01-30|16:19:37] Imported new block receipts              count=254  elapsed=3.648ms   bytes=1524  number=21504 hash=096da7…16b543 ignored=0
INFO [01-30|16:19:37] Imported new block headers               count=384  elapsed=205.793ms number=21888 hash=93da96…c053ea ignored=0
INFO [01-30|16:19:37] Imported new block receipts              count=108  elapsed=1.879ms   bytes=432   number=21612 hash=bf4385…89110e ignored=0
INFO [01-30|16:19:37] Imported new block headers               count=192  elapsed=104.998ms number=22080 hash=9217eb…3ac0a8 ignored=0
INFO [01-30|16:19:37] Imported new state entries               count=1920 elapsed=10.666ms  processed=41578 pending=9056  retry=0 duplicate=0 unexpected=0
INFO [01-30|16:19:38] Imported new block headers               count=192  elapsed=102.164ms number=22272 hash=3224d0…5ecc94 ignored=0
INFO [01-30|16:19:38] Imported new block receipts              count=528  elapsed=5.495ms   bytes=2620  number=22140 hash=8f5d25…b509e3 ignored=0
INFO [01-30|16:19:38] Imported new block headers               count=192  elapsed=98.326ms  number=22464 hash=7d8359…77a460 ignored=0
INFO [01-30|16:19:39] Imported new state entries               count=768  elapsed=14.289ms  processed=42346 pending=8887  retry=0 duplicate=0 unexpected=0
INFO [01-30|16:19:39] Imported new block receipts              count=305  elapsed=10.983ms  bytes=1728  number=22445 hash=8de428…109dbb ignored=0
INFO [01-30|16:19:39] Imported new block headers               count=192  elapsed=120.807ms number=22656 hash=07b627…b1bb90 ignored=0
INFO [01-30|16:19:39] Imported new state entries               count=768  elapsed=3.330ms   processed=43114 pending=9174  retry=0 duplicate=0 unexpected=0
INFO [01-30|16:19:39] Imported new block receipts              count=65   elapsed=1.360ms   bytes=768   number=22510 hash=f82a43…a651db ignored=0
INFO [01-30|16:19:39] Imported new block receipts              count=146  elapsed=1.777ms   bytes=3115  number=22656 hash=07b627…b1bb90 ignored=0
INFO [01-30|16:19:39] Imported new block headers               count=192  elapsed=114.420ms number=22848 hash=2cd7af…15df1a ignored=0
INFO [01-30|16:19:39] Imported new block receipts              count=192  elapsed=3.599ms   bytes=768   number=22848 hash=2cd7af…15df1a ignored=0
INFO [01-30|16:19:39] Imported new block headers               count=384  elapsed=280.860ms number=23232 hash=a8a342…2aafef ignored=0
INFO [01-30|16:19:39] Imported new block receipts              count=384  elapsed=6.037ms   bytes=1536  number=23232 hash=a8a342…2aafef ignored=0
INFO [01-30|16:19:40] Imported new state entries               count=384  elapsed=2.921ms   processed=43498 pending=9514  retry=0 duplicate=0 unexpected=0
INFO [01-30|16:19:40] Imported new state entries               count=384  elapsed=4.703ms   processed=43882 pending=9550  retry=0 duplicate=0 unexpected=0
INFO [01-30|16:19:40] Imported new state entries               count=384  elapsed=1.451ms   processed=44266 pending=9743  retry=0 duplicate=0 unexpected=0
INFO [01-30|16:19:40] Imported new block headers               count=192  elapsed=142.440ms number=23424 hash=d61166…01ad2a ignored=0
INFO [01-30|16:19:40] Imported new block receipts              count=192  elapsed=3.032ms   bytes=768   number=23424 hash=d61166…01ad2a ignored=0
INFO [01-30|16:19:40] Imported new block headers               count=384  elapsed=351.724ms number=23808 hash=572536…5312f6 ignored=0
INFO [01-30|16:19:40] Imported new block receipts              count=290  elapsed=4.149ms   bytes=1160  number=23714 hash=09b0bc…e5ca4d ignored=0
INFO [01-30|16:19:41] Imported new block receipts              count=94   elapsed=3.041ms   bytes=884   number=23808 hash=572536…5312f6 ignored=0
INFO [01-30|16:19:41] Imported new block headers               count=384  elapsed=214.335ms number=24192 hash=4a6003…d84be6 ignored=0
INFO [01-30|16:19:41] Imported new block receipts              count=106  elapsed=2.337ms   bytes=424   number=23914 hash=b0029c…f7bb05 ignored=0
INFO [01-30|16:19:41] Imported new state entries               count=1536 elapsed=4.246ms   processed=45802 pending=10379 retry=0 duplicate=0 unexpected=0
INFO [01-30|16:19:41] Imported new block receipts              count=278  elapsed=3.160ms   bytes=1620  number=24192 hash=4a6003…d84be6 ignored=0
INFO [01-30|16:19:41] Imported new block headers               count=384  elapsed=194.825ms number=24576 hash=5ef4eb…701964 ignored=0
INFO [01-30|16:19:41] Imported new block receipts              count=384  elapsed=4.347ms   bytes=1536  number=24576 hash=5ef4eb…701964 ignored=0
INFO [01-30|16:19:42] Imported new block headers               count=192  elapsed=97.029ms  number=24768 hash=6048ea…680828 ignored=0
INFO [01-30|16:19:42] Imported new block receipts              count=192  elapsed=2.027ms   bytes=768   number=24768 hash=6048ea…680828 ignored=0
INFO [01-30|16:19:42] Imported new state entries               count=1920 elapsed=10.014ms  processed=47722 pending=9090  retry=0 duplicate=0 unexpected=0
INFO [01-30|16:19:42] Imported new block headers               count=192  elapsed=98.292ms  number=24960 hash=126349…0dbcc9 ignored=0
INFO [01-30|16:19:42] Imported new block receipts              count=103  elapsed=1.916ms   bytes=412   number=24871 hash=82ce6c…67ceb8 ignored=0
INFO [01-30|16:19:42] Imported new state entries               count=768  elapsed=8.369ms   processed=48490 pending=8690  retry=0 duplicate=0 unexpected=0
INFO [01-30|16:19:42] Imported new block receipts              count=89   elapsed=1.736ms   bytes=1372  number=24960 hash=126349…0dbcc9 ignored=0
INFO [01-30|16:19:42] Imported new block headers               count=384  elapsed=215.302ms number=25344 hash=054b0b…4ccfe1 ignored=0
INFO [01-30|16:19:42] Imported new state entries               count=768  elapsed=3.292ms   processed=49258 pending=8909  retry=0 duplicate=0 unexpected=0
INFO [01-30|16:19:42] Imported new block receipts              count=384  elapsed=5.241ms   bytes=1536  number=25344 hash=054b0b…4ccfe1 ignored=0
INFO [01-30|16:19:43] Imported new state entries               count=768  elapsed=3.359ms   processed=50026 pending=10833 retry=0 duplicate=0 unexpected=0
INFO [01-30|16:19:43] Imported new block headers               count=576  elapsed=293.317ms number=25920 hash=737ff4…de4d93 ignored=0
INFO [01-30|16:19:43] Imported new block receipts              count=576  elapsed=7.822ms   bytes=2304  number=25920 hash=737ff4…de4d93 ignored=0
INFO [01-30|16:19:43] Imported new block headers               count=192  elapsed=104.510ms number=26112 hash=680f78…fbf3f9 ignored=0
INFO [01-30|16:19:43] Imported new state entries               count=768  elapsed=2.402ms   processed=50794 pending=13655 retry=0 duplicate=0 unexpected=0
INFO [01-30|16:19:43] Imported new block receipts              count=162  elapsed=6.187ms   bytes=648   number=26082 hash=1a8437…1fb8a5 ignored=0
INFO [01-30|16:19:43] Imported new block headers               count=192  elapsed=105.661ms number=26304 hash=18561c…c2df91 ignored=0
INFO [01-30|16:19:43] Imported new block receipts              count=222  elapsed=7.227ms   bytes=1396  number=26304 hash=18561c…c2df91 ignored=0
INFO [01-30|16:19:43] Imported new state entries               count=1152 elapsed=2.505ms   processed=51946 pending=15063 retry=0 duplicate=0 unexpected=0
INFO [01-30|16:19:44] Imported new block headers               count=576  elapsed=308.654ms number=26880 hash=59ff4d…fbbe00 ignored=0
INFO [01-30|16:19:44] Imported new block receipts              count=576  elapsed=7.132ms   bytes=2304  number=26880 hash=59ff4d…fbbe00 ignored=0
INFO [01-30|16:19:44] Imported new state entries               count=1536 elapsed=5.149ms   processed=53482 pending=16160 retry=0 duplicate=0 unexpected=0
INFO [01-30|16:19:45] Imported new block headers               count=576  elapsed=321.946ms number=27456 hash=0fa939…06114b ignored=0
INFO [01-30|16:19:45] Imported new block receipts              count=576  elapsed=9.637ms   bytes=2304  number=27456 hash=0fa939…06114b ignored=0
INFO [01-30|16:19:45] Imported new state entries               count=2304 elapsed=9.769ms   processed=55786 pending=13657 retry=0 duplicate=0 unexpected=0
INFO [01-30|16:19:45] Imported new block headers               count=576  elapsed=341.707ms number=28032 hash=2afd06…ed9633 ignored=0
INFO [01-30|16:19:45] Imported new block receipts              count=163  elapsed=2.710ms   bytes=652   number=27619 hash=d3a4fc…66b6c2 ignored=0
INFO [01-30|16:19:45] Imported new block headers               count=384  elapsed=210.422ms number=28416 hash=4d9e89…fbc81b ignored=0
INFO [01-30|16:19:46] Imported new block headers               count=576  elapsed=290.102ms number=28992 hash=5ea8f6…2ffe5a ignored=0
INFO [01-30|16:19:46] Imported new state entries               count=1536 elapsed=5.052ms   processed=57322 pending=14955 retry=0 duplicate=0 unexpected=0
INFO [01-30|16:19:46] Imported new block receipts              count=929  elapsed=14.618ms  bytes=6256  number=28548 hash=e781d3…55b008 ignored=0
INFO [01-30|16:19:46] Imported new block headers               count=384  elapsed=195.506ms number=29376 hash=fb5b71…bfa127 ignored=0
INFO [01-30|16:19:47] Imported new block headers               count=192  elapsed=98.165ms  number=29568 hash=41b33b…e96853 ignored=0
INFO [01-30|16:19:47] Imported new block receipts              count=1020 elapsed=13.841ms  bytes=9882  number=29568 hash=41b33b…e96853 ignored=0
INFO [01-30|16:19:47] Imported new block headers               count=192  elapsed=94.099ms  number=29760 hash=eb8891…34485b ignored=0
INFO [01-30|16:19:47] Imported new block receipts              count=192  elapsed=3.603ms   bytes=768   number=29760 hash=eb8891…34485b ignored=0
INFO [01-30|16:19:48] Imported new state entries               count=1920 elapsed=6.835ms   processed=59242 pending=13299 retry=0 duplicate=0 unexpected=0
INFO [01-30|16:19:48] Imported new block headers               count=576  elapsed=307.836ms number=30336 hash=b0b7da…e12123 ignored=0
INFO [01-30|16:19:48] Imported new block receipts              count=576  elapsed=8.274ms   bytes=2304  number=30336 hash=b0b7da…e12123 ignored=0
INFO [01-30|16:19:48] Imported new block headers               count=192  elapsed=107.391ms number=30528 hash=ab4a0a…3065f8 ignored=0
INFO [01-30|16:19:48] Imported new block receipts              count=63   elapsed=1.154ms   bytes=252   number=30399 hash=9b233a…775993 ignored=0
INFO [01-30|16:19:48] Imported new block headers               count=192  elapsed=103.140ms number=30720 hash=b96fba…cb780d ignored=0
INFO [01-30|16:19:48] Imported new block receipts              count=321  elapsed=3.604ms   bytes=1792  number=30720 hash=b96fba…cb780d ignored=0
INFO [01-30|16:19:49] Imported new state entries               count=1536 elapsed=9.255ms   processed=60778 pending=13454 retry=0 duplicate=0 unexpected=0
INFO [01-30|16:19:49] Imported new block headers               count=384  elapsed=207.991ms number=31104 hash=bea315…07c44b ignored=0
INFO [01-30|16:19:49] Imported new block receipts              count=293  elapsed=5.229ms   bytes=1172  number=31013 hash=c83cfe…b1ba25 ignored=0
INFO [01-30|16:19:50] Imported new state entries               count=1920 elapsed=27.089ms  processed=62698 pending=12473 retry=0 duplicate=0 unexpected=0
INFO [01-30|16:19:50] Imported new block headers               count=768  elapsed=386.162ms number=31872 hash=5fc47b…4cdb3c ignored=0
INFO [01-30|16:19:50] Imported new block receipts              count=475  elapsed=6.853ms   bytes=2408  number=31488 hash=c3e8d8…ae4424 ignored=0
INFO [01-30|16:19:51] Imported new block receipts              count=384  elapsed=10.229ms  bytes=3060  number=31872 hash=5fc47b…4cdb3c ignored=0
INFO [01-30|16:19:51] Imported new state entries               count=1920 elapsed=7.256ms   processed=64618 pending=12110 retry=0 duplicate=0 unexpected=0
INFO [01-30|16:19:51] Imported new block headers               count=960  elapsed=534.953ms number=32832 hash=dca4f1…4cb654 ignored=0
INFO [01-30|16:19:52] Imported new block receipts              count=519  elapsed=7.469ms   bytes=2076  number=32391 hash=397724…d03a74 ignored=0
INFO [01-30|16:19:52] Imported new state entries               count=1920 elapsed=10.463ms  processed=66538 pending=11223 retry=0 duplicate=0 unexpected=0
INFO [01-30|16:19:52] Imported new block headers               count=576  elapsed=319.509ms number=33408 hash=fe380a…d59e7b ignored=0
INFO [01-30|16:19:52] Imported new block headers               count=576  elapsed=295.526ms number=33984 hash=ba1f34…39d3af ignored=0
INFO [01-30|16:19:52] Imported new block receipts              count=1020 elapsed=12.546ms  bytes=12664 number=33411 hash=c6388f…4ee726 ignored=0
INFO [01-30|16:19:53] Imported new block headers               count=576  elapsed=299.911ms number=34560 hash=2ab895…8cadd0 ignored=0
INFO [01-30|16:19:53] Imported new block receipts              count=573  elapsed=9.057ms   bytes=3305  number=33984 hash=ba1f34…39d3af ignored=0
INFO [01-30|16:19:53] Imported new block receipts              count=147  elapsed=1.801ms   bytes=588   number=34131 hash=038441…3b51b0 ignored=0
INFO [01-30|16:19:53] Imported new state entries               count=1920 elapsed=8.896ms   processed=68458 pending=10471 retry=0 duplicate=0 unexpected=0
INFO [01-30|16:19:53] Imported new block headers               count=384  elapsed=222.457ms number=34944 hash=9026cf…f6cf91 ignored=0
INFO [01-30|16:19:53] Imported new block receipts              count=448  elapsed=5.541ms   bytes=6413  number=34579 hash=33f741…2ebd55 ignored=0
INFO [01-30|16:19:54] Imported new state entries               count=1536 elapsed=6.223ms   processed=69994 pending=9721  retry=0 duplicate=0 unexpected=0
INFO [01-30|16:19:54] Imported new block receipts              count=365  elapsed=4.724ms   bytes=1968  number=34944 hash=9026cf…f6cf91 ignored=0
INFO [01-30|16:19:55] Imported new block headers               count=384  elapsed=199.390ms number=35328 hash=6021db…c2b1f5 ignored=0
INFO [01-30|16:19:55] Imported new block receipts              count=247  elapsed=3.357ms   bytes=988   number=35191 hash=4854e2…37b97d ignored=0
INFO [01-30|16:19:55] Imported new block headers               count=768  elapsed=401.098ms number=36096 hash=df76a6…725d13 ignored=0
INFO [01-30|16:19:56] Imported new state entries               count=1152 elapsed=5.045ms   processed=71146 pending=9443  retry=0 duplicate=0 unexpected=0
INFO [01-30|16:19:56] Imported new block receipts              count=905  elapsed=10.085ms  bytes=4128  number=36096 hash=df76a6…725d13 ignored=0
INFO [01-30|16:19:56] Imported new block headers               count=192  elapsed=89.233ms  number=36288 hash=9f6288…3cb4e0 ignored=0
INFO [01-30|16:19:56] Imported new block receipts              count=84   elapsed=1.332ms   bytes=336   number=36180 hash=65d135…7fe5b0 ignored=0
INFO [01-30|16:19:57] Imported new block headers               count=192  elapsed=114.826ms number=36480 hash=284ad2…7cf29f ignored=0
INFO [01-30|16:19:57] Imported new state entries               count=384  elapsed=3.149ms   processed=71530 pending=9489  retry=0 duplicate=0 unexpected=0
INFO [01-30|16:19:59] Imported new block receipts              count=300  elapsed=9.931ms   bytes=1708  number=36480 hash=284ad2…7cf29f ignored=0
INFO [01-30|16:19:59] Imported new state entries               count=384  elapsed=1.998ms   processed=71914 pending=9611  retry=0 duplicate=0 unexpected=0
INFO [01-30|16:20:00] Imported new state entries               count=384  elapsed=3.229ms   processed=72298 pending=9658  retry=0 duplicate=0 unexpected=0
INFO [01-30|16:20:01] Imported new state entries               count=768  elapsed=5.694ms   processed=73066 pending=9596  retry=0 duplicate=0 unexpected=0
INFO [01-30|16:20:02] Imported new state entries               count=768  elapsed=3.204ms   processed=73834 pending=9301  retry=0 duplicate=0 unexpected=0
INFO [01-30|16:20:03] Imported new state entries               count=384  elapsed=2.334ms   processed=74218 pending=9206  retry=0 duplicate=0 unexpected=0
INFO [01-30|16:20:03] Imported new state entries               count=384  elapsed=2.155ms   processed=74602 pending=9143  retry=0 duplicate=0 unexpected=0
INFO [01-30|16:20:04] Imported new block headers               count=960  elapsed=534.969ms number=37440 hash=2e5e64…cfed3a ignored=0
INFO [01-30|16:20:04] Imported new block receipts              count=340  elapsed=4.394ms   bytes=1360  number=36820 hash=7c85ca…9a6a50 ignored=0
INFO [01-30|16:20:05] Imported new block headers               count=576  elapsed=285.409ms number=38016 hash=f89c5f…92f550 ignored=0
INFO [01-30|16:20:06] Imported new state entries               count=768  elapsed=4.621ms   processed=75370 pending=8730  retry=0 duplicate=0 unexpected=0
INFO [01-30|16:20:06] Imported new block receipts              count=656  elapsed=7.257ms   bytes=5739  number=37476 hash=ea3d0e…7b4a22 ignored=0
INFO [01-30|16:20:07] Imported new state entries               count=768  elapsed=5.802ms   processed=76138 pending=8954  retry=0 duplicate=0 unexpected=0
INFO [01-30|16:20:07] Imported new state entries               count=384  elapsed=3.146ms   processed=76522 pending=8886  retry=0 duplicate=0 unexpected=0
INFO [01-30|16:20:08] Imported new state entries               count=384  elapsed=5.533ms   processed=76906 pending=9773  retry=0 duplicate=0 unexpected=0
INFO [01-30|16:20:08] Imported new block receipts              count=540  elapsed=12.119ms  bytes=3176  number=38016 hash=f89c5f…92f550 ignored=0
INFO [01-30|16:20:08] Imported new block headers               count=768  elapsed=375.335ms number=38784 hash=3f1425…a96322 ignored=0
INFO [01-30|16:20:08] Imported new block receipts              count=235  elapsed=2.965ms   bytes=940   number=38251 hash=80719c…ac30c1 ignored=0
INFO [01-30|16:20:09] Imported new block headers               count=384  elapsed=190.174ms number=39168 hash=314428…c23d56 ignored=0
INFO [01-30|16:20:09] Imported new state entries               count=768  elapsed=3.736ms   processed=77674 pending=9659  retry=0 duplicate=0 unexpected=0
INFO [01-30|16:20:12] Imported new block headers               count=192  elapsed=91.150ms  number=39360 hash=cd963f…ac1165 ignored=0
INFO [01-30|16:20:13] Imported new block receipts              count=694  elapsed=7.752ms   bytes=3792  number=38945 hash=574664…09a6fe ignored=0
INFO [01-30|16:20:18] Imported new state entries               count=768  elapsed=3.598ms   processed=78442 pending=9519  retry=766 duplicate=0 unexpected=0
INFO [01-30|16:20:20] Imported new state entries               count=384  elapsed=5.360ms   processed=78826 pending=9730  retry=384 duplicate=0 unexpected=0
INFO [01-30|16:20:20] Imported new block receipts              count=415  elapsed=9.300ms   bytes=2168  number=39360 hash=cd963f…ac1165 ignored=0
INFO [01-30|16:20:20] Imported new block headers               count=576  elapsed=259.346ms number=39936 hash=142634…85ebc5 ignored=0
INFO [01-30|16:20:20] Imported new block receipts              count=235  elapsed=2.594ms   bytes=940   number=39595 hash=a6bed4…f2c341 ignored=0
INFO [01-30|16:20:21] Imported new state entries               count=384  elapsed=3.867ms   processed=79210 pending=9614  retry=0   duplicate=0 unexpected=0
INFO [01-30|16:20:21] Imported new block receipts              count=341  elapsed=6.889ms   bytes=2380  number=39936 hash=142634…85ebc5 ignored=0
INFO [01-30|16:20:21] Imported new block headers               count=384  elapsed=177.311ms number=40320 hash=071ec6…8f90b2 ignored=0
INFO [01-30|16:20:21] Imported new block receipts              count=302  elapsed=3.407ms   bytes=1208  number=40238 hash=0626f6…247a52 ignored=0
INFO [01-30|16:20:22] Imported new block receipts              count=82   elapsed=16.634ms  bytes=836   number=40320 hash=071ec6…8f90b2 ignored=0
INFO [01-30|16:20:22] Imported new block headers               count=192  elapsed=106.812ms number=40512 hash=bfce7f…624b57 ignored=0
INFO [01-30|16:20:22] Imported new block receipts              count=12   elapsed=287.93µs  bytes=48    number=40332 hash=4c4829…7809b1 ignored=0
INFO [01-30|16:20:22] Imported new block receipts              count=71   elapsed=2.387ms   bytes=16826 number=40403 hash=0d90b0…8b034a ignored=0
INFO [01-30|16:20:22] Imported new block receipts              count=3    elapsed=90.779µs  bytes=12    number=40406 hash=0fddd2…552f06 ignored=0
INFO [01-30|16:20:22] Imported new block headers               count=192  elapsed=92.129ms  number=40704 hash=0deb68…2d55c8 ignored=0
INFO [01-30|16:20:23] Imported new block receipts              count=106  elapsed=3.305ms   bytes=3157  number=40512 hash=bfce7f…624b57 ignored=0
INFO [01-30|16:20:23] Imported new block receipts              count=185  elapsed=4.374ms   bytes=740   number=40697 hash=967e08…340490 ignored=0
INFO [01-30|16:20:23] Imported new block headers               count=192  elapsed=106.435ms number=40896 hash=8bacd2…bbcfcc ignored=0
INFO [01-30|16:20:24] Imported new block receipts              count=7    elapsed=398.2µs   bytes=536   number=40704 hash=0deb68…2d55c8 ignored=0
INFO [01-30|16:20:24] Imported new block receipts              count=192  elapsed=2.150ms   bytes=768   number=40896 hash=8bacd2…bbcfcc ignored=0
INFO [01-30|16:20:24] Imported new block headers               count=192  elapsed=100.740ms number=41088 hash=f228ab…a222d7 ignored=0
INFO [01-30|16:20:24] Imported new block receipts              count=180  elapsed=2.158ms   bytes=720   number=41076 hash=161daa…880bfa ignored=0
INFO [01-30|16:20:25] Imported new state entries               count=1920 elapsed=15.579ms  processed=81130 pending=8536  retry=0   duplicate=0 unexpected=0
INFO [01-30|16:20:25] Imported new block receipts              count=12   elapsed=857.938µs bytes=556   number=41088 hash=f228ab…a222d7 ignored=0
INFO [01-30|16:20:25] Imported new block headers               count=192  elapsed=163.450ms number=41280 hash=12fe97…954697 ignored=0
INFO [01-30|16:20:25] Imported new block receipts              count=192  elapsed=3.115ms   bytes=768   number=41280 hash=12fe97…954697 ignored=0
INFO [01-30|16:20:26] Imported new block headers               count=192  elapsed=104.657ms number=41472 hash=b018c2…38f314 ignored=0
INFO [01-30|16:20:26] Imported new block receipts              count=192  elapsed=2.125ms   bytes=768   number=41472 hash=b018c2…38f314 ignored=0
INFO [01-30|16:20:26] Imported new state entries               count=768  elapsed=4.158ms   processed=81898 pending=7940  retry=0   duplicate=0 unexpected=0
INFO [01-30|16:20:26] Imported new block headers               count=192  elapsed=91.576ms  number=41664 hash=92449d…8db406 ignored=0
INFO [01-30|16:20:26] Imported new block receipts              count=108  elapsed=1.313ms   bytes=432   number=41580 hash=65df8d…dc13ba ignored=0
INFO [01-30|16:20:27] Imported new state entries               count=384  elapsed=2.802ms   processed=82282 pending=7938  retry=0   duplicate=0 unexpected=0
INFO [01-30|16:20:27] Imported new block receipts              count=84   elapsed=2.516ms   bytes=1352  number=41664 hash=92449d…8db406 ignored=0
INFO [01-30|16:20:27] Imported new block headers               count=192  elapsed=106.551ms number=41856 hash=7dcee0…e7f373 ignored=0
INFO [01-30|16:20:27] Imported new block receipts              count=192  elapsed=2.492ms   bytes=768   number=41856 hash=7dcee0…e7f373 ignored=0
INFO [01-30|16:20:28] Imported new state entries               count=384  elapsed=2.454ms   processed=82666 pending=7917  retry=0   duplicate=0 unexpected=0
INFO [01-30|16:20:28] Imported new block headers               count=192  elapsed=101.510ms number=42048 hash=f8c880…2e1dac ignored=0
INFO [01-30|16:20:28] Imported new block receipts              count=192  elapsed=2.384ms   bytes=768   number=42048 hash=f8c880…2e1dac ignored=0
INFO [01-30|16:20:29] Imported new state entries               count=384  elapsed=2.047ms   processed=83050 pending=8076  retry=0   duplicate=0 unexpected=0
INFO [01-30|16:20:29] Imported new block headers               count=192  elapsed=121.921ms number=42240 hash=e686f2…116368 ignored=0
INFO [01-30|16:20:29] Imported new block receipts              count=192  elapsed=3.218ms   bytes=768   number=42240 hash=e686f2…116368 ignored=0
INFO [01-30|16:20:29] Imported new block headers               count=192  elapsed=109.661ms number=42432 hash=7b5ccc…21b92d ignored=0
INFO [01-30|16:20:29] Imported new block receipts              count=192  elapsed=2.276ms   bytes=768   number=42432 hash=7b5ccc…21b92d ignored=0
INFO [01-30|16:20:30] Imported new block headers               count=192  elapsed=89.667ms  number=42624 hash=b0f2c0…37c4a3 ignored=0
INFO [01-30|16:20:30] Imported new block receipts              count=192  elapsed=2.543ms   bytes=768   number=42624 hash=b0f2c0…37c4a3 ignored=0
INFO [01-30|16:20:30] Imported new block headers               count=192  elapsed=107.357ms number=42816 hash=7da64d…4d7d34 ignored=0
INFO [01-30|16:20:30] Imported new block receipts              count=192  elapsed=2.181ms   bytes=768   number=42816 hash=7da64d…4d7d34 ignored=0
INFO [01-30|16:20:31] Imported new block headers               count=192  elapsed=96.046ms  number=43008 hash=bc5354…cdd088 ignored=0
INFO [01-30|16:20:31] Imported new block receipts              count=129  elapsed=1.401ms   bytes=516   number=42945 hash=bcabd6…2c13fa ignored=0
INFO [01-30|16:20:31] Imported new state entries               count=1536 elapsed=7.807ms   processed=84586 pending=7472  retry=0   duplicate=0 unexpected=0
INFO [01-30|16:20:31] Imported new block receipts              count=63   elapsed=3.787ms   bytes=760   number=43008 hash=bc5354…cdd088 ignored=0
INFO [01-30|16:20:31] Imported new block headers               count=192  elapsed=89.672ms  number=43200 hash=5faa27…a4dc11 ignored=0
INFO [01-30|16:20:31] Imported new block receipts              count=192  elapsed=2.714ms   bytes=768   number=43200 hash=5faa27…a4dc11 ignored=0
INFO [01-30|16:20:32] Imported new state entries               count=384  elapsed=5.914ms   processed=84970 pending=7476  retry=0   duplicate=0 unexpected=0
INFO [01-30|16:20:32] Imported new block headers               count=192  elapsed=108.728ms number=43392 hash=1bf442…a535ba ignored=0
INFO [01-30|16:20:32] Imported new block receipts              count=47   elapsed=901.437µs bytes=188   number=43247 hash=5f8005…79cabe ignored=0
INFO [01-30|16:20:32] Imported new block headers               count=192  elapsed=94.939ms  number=43584 hash=95448d…a7b44f ignored=0
INFO [01-30|16:20:32] Imported new state entries               count=384  elapsed=2.407ms   processed=85354 pending=7393  retry=0   duplicate=0 unexpected=0
INFO [01-30|16:20:32] Imported new block receipts              count=145  elapsed=5.728ms   bytes=1088  number=43392 hash=1bf442…a535ba ignored=0
INFO [01-30|16:20:32] Imported new block receipts              count=192  elapsed=2.409ms   bytes=768   number=43584 hash=95448d…a7b44f ignored=0
INFO [01-30|16:20:33] Imported new block headers               count=192  elapsed=103.762ms number=43776 hash=300875…b85cf8 ignored=0
INFO [01-30|16:20:33] Imported new block receipts              count=192  elapsed=2.797ms   bytes=768   number=43776 hash=300875…b85cf8 ignored=0
INFO [01-30|16:20:33] Imported new state entries               count=384  elapsed=2.831ms   processed=85738 pending=7565  retry=0   duplicate=0 unexpected=0
INFO [01-30|16:20:33] Imported new block headers               count=192  elapsed=93.523ms  number=43968 hash=271556…fe7afc ignored=0
INFO [01-30|16:20:33] Imported new block receipts              count=155  elapsed=1.725ms   bytes=620   number=43931 hash=50b03d…b80654 ignored=0
INFO [01-30|16:20:34] Imported new block headers               count=192  elapsed=88.136ms  number=44160 hash=ab0ce4…1b427b ignored=0
INFO [01-30|16:20:34] Imported new block receipts              count=37   elapsed=1.494ms   bytes=656   number=43968 hash=271556…fe7afc ignored=0
INFO [01-30|16:20:34] Imported new block receipts              count=98   elapsed=2.568ms   bytes=392   number=44066 hash=ab0131…93e9d0 ignored=0
INFO [01-30|16:20:35] Imported new block receipts              count=94   elapsed=3.215ms   bytes=2155  number=44160 hash=ab0ce4…1b427b ignored=0
INFO [01-30|16:20:35] Imported new block headers               count=192  elapsed=88.053ms  number=44352 hash=bf4b08…1bbdfa ignored=0
INFO [01-30|16:20:35] Imported new block receipts              count=8    elapsed=353.664µs bytes=32    number=44168 hash=2b6e92…52fc0f ignored=0
INFO [01-30|16:20:35] Imported new state entries               count=1152 elapsed=11.297ms  processed=86890 pending=7241  retry=0   duplicate=0 unexpected=0
INFO [01-30|16:20:35] Imported new block receipts              count=82   elapsed=3.147ms   bytes=28832 number=44250 hash=a982df…a132aa ignored=0
INFO [01-30|16:20:35] Imported new block headers               count=192  elapsed=88.682ms  number=44544 hash=8e507d…9b5566 ignored=0
INFO [01-30|16:20:36] Imported new block headers               count=192  elapsed=93.111ms  number=44736 hash=4dc1e4…888cb9 ignored=0
INFO [01-30|16:20:36] Imported new block receipts              count=9    elapsed=5.405ms   bytes=672   number=44259 hash=8c083d…39999c ignored=0
INFO [01-30|16:20:36] Imported new state entries               count=384  elapsed=1.403ms   processed=87274 pending=7544  retry=0   duplicate=0 unexpected=0
INFO [01-30|16:20:36] Imported new block receipts              count=93   elapsed=5.465ms   bytes=4059  number=44352 hash=bf4b08…1bbdfa ignored=0
INFO [01-30|16:20:36] Imported new block receipts              count=89   elapsed=1.298ms   bytes=356   number=44441 hash=6adfaf…ed6e64 ignored=0
INFO [01-30|16:20:36] Imported new block receipts              count=295  elapsed=7.467ms   bytes=3912  number=44736 hash=4dc1e4…888cb9 ignored=0
INFO [01-30|16:20:36] Imported new block headers               count=192  elapsed=93.453ms  number=44928 hash=3baf3d…01653b ignored=0
INFO [01-30|16:20:36] Imported new block receipts              count=15   elapsed=388.759µs bytes=60    number=44751 hash=edbd0b…9d72e3 ignored=0
INFO [01-30|16:20:38] Imported new state entries               count=384  elapsed=2.295ms   processed=87658 pending=7526  retry=0   duplicate=0 unexpected=0
INFO [01-30|16:20:38] Imported new block receipts              count=177  elapsed=5.021ms   bytes=2232  number=44928 hash=3baf3d…01653b ignored=0
INFO [01-30|16:20:38] Imported new block headers               count=192  elapsed=93.832ms  number=45120 hash=a07ce4…6ba024 ignored=0
INFO [01-30|16:20:38] Imported new block receipts              count=192  elapsed=2.345ms   bytes=768   number=45120 hash=a07ce4…6ba024 ignored=0
INFO [01-30|16:20:39] Imported new block headers               count=192  elapsed=94.542ms  number=45312 hash=84a47c…d80c07 ignored=0
INFO [01-30|16:20:39] Imported new block receipts              count=192  elapsed=2.289ms   bytes=768   number=45312 hash=84a47c…d80c07 ignored=0
INFO [01-30|16:20:39] Imported new state entries               count=768  elapsed=7.384ms   processed=88426 pending=7225  retry=0   duplicate=0 unexpected=0
INFO [01-30|16:20:39] Imported new block headers               count=192  elapsed=87.068ms  number=45504 hash=149755…3d1ca7 ignored=0
INFO [01-30|16:20:40] Imported new block receipts              count=192  elapsed=2.345ms   bytes=768   number=45504 hash=149755…3d1ca7 ignored=0
INFO [01-30|16:20:40] Imported new block headers               count=192  elapsed=101.112ms number=45696 hash=9d7c98…ddb1d9 ignored=0
INFO [01-30|16:20:40] Imported new block receipts              count=150  elapsed=1.895ms   bytes=600   number=45654 hash=2247d5…2fb6a3 ignored=0
INFO [01-30|16:20:40] Imported new block receipts              count=42   elapsed=3.153ms   bytes=676   number=45696 hash=9d7c98…ddb1d9 ignored=0
INFO [01-30|16:20:40] Imported new block headers               count=192  elapsed=134.613ms number=45888 hash=0de1bb…0d42ce ignored=0
INFO [01-30|16:20:40] Imported new block receipts              count=132  elapsed=1.657ms   bytes=528   number=45828 hash=eb85b2…43e78f ignored=0
INFO [01-30|16:20:41] Imported new state entries               count=768  elapsed=3.444ms   processed=89194 pending=7733  retry=0   duplicate=0 unexpected=0
INFO [01-30|16:20:41] Imported new block receipts              count=60   elapsed=4.490ms   bytes=748   number=45888 hash=0de1bb…0d42ce ignored=0
INFO [01-30|16:20:41] Imported new block headers               count=192  elapsed=92.672ms  number=46080 hash=aa323c…7e17ad ignored=0
INFO [01-30|16:20:41] Imported new block receipts              count=11   elapsed=324.762µs bytes=44    number=45899 hash=646935…3002bf ignored=0
INFO [01-30|16:20:42] Imported new state entries               count=384  elapsed=2.577ms   processed=89578 pending=7852  retry=0   duplicate=0 unexpected=0
INFO [01-30|16:20:42] Imported new block receipts              count=181  elapsed=2.868ms   bytes=2248  number=46080 hash=aa323c…7e17ad ignored=0
INFO [01-30|16:20:42] Imported new block headers               count=192  elapsed=91.550ms  number=46272 hash=b5b95b…cd4eb1 ignored=0
INFO [01-30|16:20:42] Imported new block receipts              count=103  elapsed=1.241ms   bytes=412   number=46183 hash=ca2cee…49dbc0 ignored=0
INFO [01-30|16:20:42] Imported new state entries               count=384  elapsed=3.196ms   processed=89962 pending=7687  retry=0   duplicate=0 unexpected=0
INFO [01-30|16:20:42] Imported new block receipts              count=89   elapsed=6.748ms   bytes=3646  number=46272 hash=b5b95b…cd4eb1 ignored=0
INFO [01-30|16:20:43] Imported new block headers               count=192  elapsed=88.720ms  number=46464 hash=ad49e4…e9b4d9 ignored=0
INFO [01-30|16:20:43] Imported new block receipts              count=177  elapsed=1.960ms   bytes=708   number=46449 hash=ef301a…fcda09 ignored=0
INFO [01-30|16:20:43] Imported new block headers               count=192  elapsed=92.663ms  number=46656 hash=c6295d…467a9b ignored=0
INFO [01-30|16:20:43] Imported new state entries               count=384  elapsed=34.783ms  processed=90346 pending=7531  retry=0   duplicate=0 unexpected=0
INFO [01-30|16:20:43] Imported new block receipts              count=207  elapsed=35.473ms  bytes=1336  number=46656 hash=c6295d…467a9b ignored=0
INFO [01-30|16:20:43] Imported new block headers               count=192  elapsed=152.758ms number=46848 hash=f775bf…a62938 ignored=0
INFO [01-30|16:20:43] Imported new block receipts              count=192  elapsed=2.488ms   bytes=768   number=46848 hash=f775bf…a62938 ignored=0
INFO [01-30|16:20:44] Imported new state entries               count=384  elapsed=1.517ms   processed=90730 pending=7465  retry=0   duplicate=0 unexpected=0
INFO [01-30|16:20:44] Imported new block headers               count=192  elapsed=96.675ms  number=47040 hash=014957…790abe ignored=0
INFO [01-30|16:20:44] Imported new block receipts              count=74   elapsed=1.172ms   bytes=296   number=46922 hash=39aa3a…0187b4 ignored=0
INFO [01-30|16:20:45] Imported new state entries               count=384  elapsed=1.298ms   processed=91114 pending=7535  retry=0   duplicate=0 unexpected=0
INFO [01-30|16:20:45] Imported new block receipts              count=118  elapsed=3.257ms   bytes=980   number=47040 hash=014957…790abe ignored=0
INFO [01-30|16:20:45] Imported new block headers               count=192  elapsed=129.923ms number=47232 hash=dd6fbd…eb15c4 ignored=0
INFO [01-30|16:20:45] Imported new block receipts              count=6    elapsed=195.629µs bytes=24    number=47046 hash=68a792…14dc2e ignored=0
INFO [01-30|16:20:45] Imported new state entries               count=384  elapsed=1.005ms   processed=91498 pending=7750  retry=0   duplicate=0 unexpected=0
INFO [01-30|16:20:45] Imported new block receipts              count=186  elapsed=2.897ms   bytes=6202  number=47232 hash=dd6fbd…eb15c4 ignored=0
INFO [01-30|16:20:45] Imported new block headers               count=192  elapsed=94.841ms  number=47424 hash=7191cf…7fce66 ignored=0
INFO [01-30|16:20:45] Imported new block receipts              count=1    elapsed=155.89µs  bytes=4     number=47233 hash=0e2e7d…616a67 ignored=0
INFO [01-30|16:20:46] Imported new block receipts              count=191  elapsed=3.117ms   bytes=9557  number=47424 hash=7191cf…7fce66 ignored=0
INFO [01-30|16:20:46] Imported new block headers               count=192  elapsed=90.226ms  number=47616 hash=f9f5fa…1bc467 ignored=0
INFO [01-30|16:20:46] Imported new block receipts              count=104  elapsed=1.136ms   bytes=416   number=47528 hash=fe4f74…9d6820 ignored=0
INFO [01-30|16:20:47] Imported new block receipts              count=88   elapsed=2.195ms   bytes=1762  number=47616 hash=f9f5fa…1bc467 ignored=0
INFO [01-30|16:20:47] Imported new block headers               count=192  elapsed=93.539ms  number=47808 hash=1d7a93…5eafdf ignored=0
INFO [01-30|16:20:47] Imported new block receipts              count=192  elapsed=1.979ms   bytes=768   number=47808 hash=1d7a93…5eafdf ignored=0
INFO [01-30|16:20:47] Imported new state entries               count=1152 elapsed=2.611ms   processed=92650 pending=7578  retry=0   duplicate=0 unexpected=0
INFO [01-30|16:20:47] Imported new block headers               count=192  elapsed=91.058ms  number=48000 hash=f5e6a7…5c43ac ignored=0
INFO [01-30|16:20:47] Imported new block receipts              count=192  elapsed=2.080ms   bytes=768   number=48000 hash=f5e6a7…5c43ac ignored=0
INFO [01-30|16:20:48] Imported new block headers               count=192  elapsed=90.039ms  number=48192 hash=4d8b32…83123d ignored=0
INFO [01-30|16:20:48] Imported new block receipts              count=192  elapsed=2.597ms   bytes=768   number=48192 hash=4d8b32…83123d ignored=0
INFO [01-30|16:20:49] Imported new block headers               count=192  elapsed=91.440ms  number=48384 hash=b0e0bb…d56fae ignored=0
INFO [01-30|16:20:49] Imported new block receipts              count=192  elapsed=2.189ms   bytes=768   number=48384 hash=b0e0bb…d56fae ignored=0
INFO [01-30|16:20:49] Imported new state entries               count=1152 elapsed=2.453ms   processed=93802 pending=7553  retry=0   duplicate=0 unexpected=0
INFO [01-30|16:20:50] Imported new block headers               count=192  elapsed=88.199ms  number=48576 hash=ad5a17…5903ea ignored=0
INFO [01-30|16:20:50] Imported new block receipts              count=12   elapsed=334.083µs bytes=48    number=48396 hash=08fc42…5fad1a ignored=0
INFO [01-30|16:20:51] Imported new block receipts              count=180  elapsed=8.799ms   bytes=1228  number=48576 hash=ad5a17…5903ea ignored=0
INFO [01-30|16:20:51] Imported new block headers               count=192  elapsed=94.296ms  number=48768 hash=a3632e…20fffc ignored=0
INFO [01-30|16:20:51] Imported new block receipts              count=192  elapsed=1.935ms   bytes=768   number=48768 hash=a3632e…20fffc ignored=0
INFO [01-30|16:20:52] Imported new state entries               count=768  elapsed=4.247ms   processed=94570 pending=7424  retry=0   duplicate=0 unexpected=0
INFO [01-30|16:20:52] Imported new block headers               count=192  elapsed=97.835ms  number=48960 hash=cefa9e…c4ee92 ignored=0
INFO [01-30|16:20:52] Imported new block receipts              count=192  elapsed=2.156ms   bytes=768   number=48960 hash=cefa9e…c4ee92 ignored=0
INFO [01-30|16:20:52] Imported new block headers               count=192  elapsed=88.970ms  number=49152 hash=c7eca5…099472 ignored=0
INFO [01-30|16:20:52] Imported new block receipts              count=192  elapsed=1.983ms   bytes=768   number=49152 hash=c7eca5…099472 ignored=0
INFO [01-30|16:20:53] Imported new state entries               count=768  elapsed=4.136ms   processed=95338 pending=7232  retry=0   duplicate=0 unexpected=0
INFO [01-30|16:20:54] Imported new state entries               count=384  elapsed=2.111ms   processed=95722 pending=7145  retry=0   duplicate=0 unexpected=0
INFO [01-30|16:20:54] Imported new block headers               count=192  elapsed=98.500ms  number=49344 hash=371d64…bd7242 ignored=0
INFO [01-30|16:20:54] Imported new block receipts              count=6    elapsed=277.015µs bytes=24    number=49158 hash=b56486…5415f1 ignored=0
INFO [01-30|16:20:55] Imported new state entries               count=384  elapsed=1.599ms   processed=96106 pending=7124  retry=0   duplicate=0 unexpected=0
INFO [01-30|16:20:55] Imported new block receipts              count=186  elapsed=6.988ms   bytes=1760  number=49344 hash=371d64…bd7242 ignored=0
INFO [01-30|16:20:55] Imported new block headers               count=192  elapsed=87.956ms  number=49536 hash=302a90…463c0c ignored=0
INFO [01-30|16:20:55] Imported new block receipts              count=192  elapsed=2.079ms   bytes=768   number=49536 hash=302a90…463c0c ignored=0
INFO [01-30|16:20:55] Imported new block headers               count=192  elapsed=88.761ms  number=49728 hash=da48ec…7748bd ignored=0
INFO [01-30|16:20:55] Imported new block receipts              count=192  elapsed=2.098ms   bytes=768   number=49728 hash=da48ec…7748bd ignored=0
INFO [01-30|16:20:56] Imported new state entries               count=768  elapsed=5.004ms   processed=96874 pending=7648  retry=0   duplicate=0 unexpected=0
INFO [01-30|16:20:56] Imported new block headers               count=192  elapsed=94.631ms  number=49920 hash=fffbdd…bdb2ef ignored=0
INFO [01-30|16:20:56] Imported new block receipts              count=192  elapsed=2.110ms   bytes=768   number=49920 hash=fffbdd…bdb2ef ignored=0
INFO [01-30|16:20:57] Imported new block headers               count=192  elapsed=90.436ms  number=50112 hash=0dacb5…cdf0a2 ignored=0
INFO [01-30|16:20:57] Imported new block receipts              count=192  elapsed=2.003ms   bytes=768   number=50112 hash=0dacb5…cdf0a2 ignored=0
INFO [01-30|16:20:57] Imported new state entries               count=768  elapsed=3.860ms   processed=97642 pending=7501  retry=0   duplicate=0 unexpected=0
INFO [01-30|16:20:57] Imported new block headers               count=192  elapsed=92.190ms  number=50304 hash=e0ec62…f5e9a6 ignored=0
INFO [01-30|16:20:58] Imported new block receipts              count=192  elapsed=2.116ms   bytes=768   number=50304 hash=e0ec62…f5e9a6 ignored=0
INFO [01-30|16:20:58] Imported new state entries               count=384  elapsed=1.394ms   processed=98026 pending=7539  retry=0   duplicate=0 unexpected=0
INFO [01-30|16:20:58] Imported new block headers               count=192  elapsed=94.070ms  number=50496 hash=190bc6…8e8923 ignored=0
INFO [01-30|16:20:58] Imported new block receipts              count=192  elapsed=2.208ms   bytes=768   number=50496 hash=190bc6…8e8923 ignored=0
INFO [01-30|16:20:59] Imported new state entries               count=384  elapsed=1.866ms   processed=98410 pending=7576  retry=0   duplicate=0 unexpected=0
INFO [01-30|16:20:59] Imported new block headers               count=192  elapsed=85.170ms  number=50688 hash=ebf738…400113 ignored=0
INFO [01-30|16:20:59] Imported new block receipts              count=87   elapsed=1.009ms   bytes=348   number=50583 hash=773bf7…e3946a ignored=0
INFO [01-30|16:21:00] Imported new block receipts              count=105  elapsed=2.669ms   bytes=928   number=50688 hash=ebf738…400113 ignored=0
INFO [01-30|16:21:00] Imported new block headers               count=192  elapsed=98.527ms  number=50880 hash=875165…7a7d6d ignored=0
INFO [01-30|16:21:00] Imported new block receipts              count=3    elapsed=230.567µs bytes=12    number=50691 hash=da224c…574c70 ignored=0
INFO [01-30|16:21:00] Imported new block receipts              count=189  elapsed=3.203ms   bytes=1772  number=50880 hash=875165…7a7d6d ignored=0
INFO [01-30|16:21:00] Imported new block headers               count=192  elapsed=87.010ms  number=51072 hash=e58170…8fe9cb ignored=0
INFO [01-30|16:21:00] Imported new block receipts              count=192  elapsed=2.876ms   bytes=768   number=51072 hash=e58170…8fe9cb ignored=0
INFO [01-30|16:21:01] Imported new block headers               count=192  elapsed=87.236ms  number=51264 hash=b644ac…a2e0b1 ignored=0
INFO [01-30|16:21:01] Imported new block receipts              count=192  elapsed=2.109ms   bytes=768   number=51264 hash=b644ac…a2e0b1 ignored=0
INFO [01-30|16:21:01] Imported new state entries               count=1536 elapsed=4.781ms   processed=99946 pending=7049  retry=0   duplicate=0 unexpected=0
INFO [01-30|16:21:02] Imported new block headers               count=192  elapsed=87.417ms  number=51456 hash=d98a83…4a5bdd ignored=0
INFO [01-30|16:21:02] Imported new block receipts              count=41   elapsed=700.24µs  bytes=164   number=51305 hash=d81188…45c2cd ignored=0
INFO [01-30|16:21:02] Imported new state entries               count=384  elapsed=1.082ms   processed=100330 pending=7076  retry=0   duplicate=0 unexpected=0
INFO [01-30|16:21:03] Imported new block receipts              count=151  elapsed=3.294ms   bytes=1112  number=51456 hash=d98a83…4a5bdd ignored=0
INFO [01-30|16:21:03] Imported new block headers               count=192  elapsed=93.005ms  number=51648 hash=42d958…20aac4 ignored=0
INFO [01-30|16:21:03] Imported new block receipts              count=95   elapsed=1.170ms   bytes=380   number=51551 hash=683e2f…8b8846 ignored=0
INFO [01-30|16:21:04] Imported new state entries               count=384  elapsed=128.457µs processed=100714 pending=10144 retry=0   duplicate=0 unexpected=0
INFO [01-30|16:21:04] Imported new block headers               count=192  elapsed=97.286ms  number=51840 hash=2c448f…afe1b0 ignored=0
INFO [01-30|16:21:04] Imported new state entries               count=384  elapsed=1.675ms   processed=101098 pending=10612 retry=0   duplicate=0 unexpected=0
INFO [01-30|16:21:04] Imported new block receipts              count=234  elapsed=10.104ms  bytes=2573  number=51785 hash=db3e81…d98940 ignored=0
INFO [01-30|16:21:04] Imported new block receipts              count=55   elapsed=4.466ms   bytes=828   number=51840 hash=2c448f…afe1b0 ignored=0
INFO [01-30|16:21:04] Imported new block headers               count=192  elapsed=93.228ms  number=52032 hash=9860a6…cc2943 ignored=0
INFO [01-30|16:21:04] Imported new block receipts              count=67   elapsed=1.019ms   bytes=268   number=51907 hash=5d3fa1…adfbad ignored=0
INFO [01-30|16:21:04] Imported new block headers               count=192  elapsed=87.522ms  number=52224 hash=456263…20ec77 ignored=0
INFO [01-30|16:21:05] Imported new block headers               count=192  elapsed=88.824ms  number=52416 hash=77d20d…f5f27d ignored=0
INFO [01-30|16:21:05] Imported new state entries               count=1152 elapsed=4.942ms   processed=102250 pending=10769 retry=0   duplicate=0 unexpected=0
INFO [01-30|16:21:05] Imported new block headers               count=192  elapsed=94.117ms  number=52608 hash=2dd847…8b257e ignored=0
INFO [01-30|16:21:06] Imported new block receipts              count=619  elapsed=9.950ms   bytes=12458 number=52526 hash=81914c…edfbf9 ignored=0
INFO [01-30|16:21:06] Imported new block headers               count=192  elapsed=99.862ms  number=52800 hash=bc86fc…38581c ignored=0
INFO [01-30|16:21:06] Imported new state entries               count=768  elapsed=2.836ms   processed=103018 pending=10508 retry=0   duplicate=0 unexpected=0
INFO [01-30|16:21:06] Imported new block receipts              count=91   elapsed=5.379ms   bytes=10702 number=52617 hash=aef32b…47199f ignored=0
INFO [01-30|16:21:06] Imported new block headers               count=192  elapsed=130.755ms number=52992 hash=dbf1f8…f4c118 ignored=0
INFO [01-30|16:21:06] Imported new state entries               count=768  elapsed=6.527ms   processed=103786 pending=10367 retry=0   duplicate=0 unexpected=0
INFO [01-30|16:21:06] Imported new block receipts              count=193  elapsed=8.476ms   bytes=5203  number=52810 hash=953a90…2b1d55 ignored=0
INFO [01-30|16:21:07] Imported new block headers               count=192  elapsed=86.740ms  number=53184 hash=3f6452…c3b289 ignored=0
INFO [01-30|16:21:07] Imported new block headers               count=192  elapsed=91.105ms  number=53376 hash=b72d23…fb12ff ignored=0
INFO [01-30|16:21:08] Imported new state entries               count=768  elapsed=8.905ms   processed=104554 pending=10217 retry=0   duplicate=0 unexpected=0
INFO [01-30|16:21:08] Imported new block receipts              count=566  elapsed=12.204ms  bytes=2772  number=53376 hash=b72d23…fb12ff ignored=0
INFO [01-30|16:21:08] Imported new state entries               count=384  elapsed=1.460ms   processed=104938 pending=10418 retry=0   duplicate=0 unexpected=0
INFO [01-30|16:21:08] Imported new block headers               count=384  elapsed=179.462ms number=53760 hash=7c301e…0dca5d ignored=0
INFO [01-30|16:21:08] Imported new block receipts              count=384  elapsed=4.403ms   bytes=1536  number=53760 hash=7c301e…0dca5d ignored=0
INFO [01-30|16:21:10] Imported new block headers               count=576  elapsed=266.717ms number=54336 hash=8cb6cb…323ed0 ignored=0
INFO [01-30|16:21:10] Imported new block receipts              count=274  elapsed=3.279ms   bytes=1096  number=54034 hash=423514…3b93e2 ignored=0
INFO [01-30|16:21:10] Imported new state entries               count=1152 elapsed=3.748ms   processed=106090 pending=9988  retry=0   duplicate=0 unexpected=0
INFO [01-30|16:21:10] Imported new state entries               count=384  elapsed=2.044ms   processed=106474 pending=10175 retry=0   duplicate=0 unexpected=0
INFO [01-30|16:21:10] Imported new block headers               count=192  elapsed=101.151ms number=54528 hash=0e21b7…22ce19 ignored=0
INFO [01-30|16:21:10] Imported new block receipts              count=494  elapsed=7.165ms   bytes=2992  number=54528 hash=0e21b7…22ce19 ignored=0
INFO [01-30|16:21:11] Imported new block headers               count=192  elapsed=90.973ms  number=54720 hash=7e6743…a37281 ignored=0
INFO [01-30|16:21:11] Imported new block receipts              count=192  elapsed=2.360ms   bytes=768   number=54720 hash=7e6743…a37281 ignored=0
INFO [01-30|16:21:11] Imported new state entries               count=1152 elapsed=3.872ms   processed=107626 pending=10081 retry=0   duplicate=0 unexpected=0
INFO [01-30|16:21:12] Imported new block headers               count=576  elapsed=276.307ms number=55296 hash=864006…3ba1fa ignored=0
INFO [01-30|16:21:12] Imported new block receipts              count=227  elapsed=2.726ms   bytes=908   number=54947 hash=afdb5e…0334d7 ignored=0
INFO [01-30|16:21:12] Imported new block headers               count=192  elapsed=101.580ms number=55488 hash=51df0e…4f9b40 ignored=0
INFO [01-30|16:21:12] Imported new state entries               count=768  elapsed=3.453ms   processed=108394 pending=9517  retry=0   duplicate=0 unexpected=0
INFO [01-30|16:21:12] Imported new block receipts              count=541  elapsed=7.623ms   bytes=2672  number=55488 hash=51df0e…4f9b40 ignored=0
INFO [01-30|16:21:12] Imported new state entries               count=768  elapsed=3.239ms   processed=109162 pending=9878  retry=0   duplicate=0 unexpected=0
INFO [01-30|16:21:13] Imported new block headers               count=384  elapsed=182.566ms number=55872 hash=42583b…1c924f ignored=0
INFO [01-30|16:21:13] Imported new block receipts              count=384  elapsed=4.906ms   bytes=1536  number=55872 hash=42583b…1c924f ignored=0
INFO [01-30|16:21:13] Imported new block headers               count=192  elapsed=91.403ms  number=56064 hash=499437…ccd8cf ignored=0
INFO [01-30|16:21:13] Imported new block receipts              count=141  elapsed=1.776ms   bytes=564   number=56013 hash=22a7ca…5e1b64 ignored=0
INFO [01-30|16:21:13] Imported new block receipts              count=51   elapsed=1.119ms   bytes=1722  number=56064 hash=499437…ccd8cf ignored=0
INFO [01-30|16:21:13] Imported new state entries               count=1536 elapsed=4.594ms   processed=110698 pending=9576  retry=0   duplicate=0 unexpected=0
INFO [01-30|16:21:13] Imported new block headers               count=576  elapsed=260.391ms number=56640 hash=9a5aab…fe1c5a ignored=0
INFO [01-30|16:21:13] Imported new block receipts              count=49   elapsed=816.236µs bytes=196   number=56113 hash=332440…9ba0bc ignored=0
INFO [01-30|16:21:14] Imported new block headers               count=192  elapsed=105.236ms number=56832 hash=3154bd…4d84d7 ignored=0
INFO [01-30|16:21:14] Imported new block headers               count=192  elapsed=86.836ms  number=57024 hash=b61fad…2c0593 ignored=0
INFO [01-30|16:21:14] Imported new state entries               count=768  elapsed=2.860ms   processed=111466 pending=9250  retry=0   duplicate=0 unexpected=0
INFO [01-30|16:21:14] Imported new block receipts              count=176  elapsed=8.142ms   bytes=42578 number=56289 hash=0218e3…a4a1a8 ignored=0
INFO [01-30|16:21:14] Imported new block headers               count=192  elapsed=89.696ms  number=57216 hash=02cb5b…2646b9 ignored=0
INFO [01-30|16:21:14] Imported new block receipts              count=802  elapsed=10.523ms  bytes=6260  number=57091 hash=a4e8d9…d6ca32 ignored=0
INFO [01-30|16:21:14] Imported new block receipts              count=125  elapsed=4.759ms   bytes=1008  number=57216 hash=02cb5b…2646b9 ignored=0
INFO [01-30|16:21:14] Imported new block headers               count=192  elapsed=91.742ms  number=57408 hash=5ee12f…77b96f ignored=0
INFO [01-30|16:21:14] Imported new block receipts              count=192  elapsed=2.734ms   bytes=768   number=57408 hash=5ee12f…77b96f ignored=0
INFO [01-30|16:21:15] Imported new block headers               count=192  elapsed=88.593ms  number=57600 hash=9dc3ff…afdfba ignored=0
INFO [01-30|16:21:15] Imported new block receipts              count=192  elapsed=2.416ms   bytes=768   number=57600 hash=9dc3ff…afdfba ignored=0
INFO [01-30|16:21:15] Imported new state entries               count=1536 elapsed=4.861ms   processed=113002 pending=8788  retry=0   duplicate=0 unexpected=0
INFO [01-30|16:21:15] Imported new state entries               count=384  elapsed=1.319ms   processed=113386 pending=8782  retry=0   duplicate=0 unexpected=0
INFO [01-30|16:21:16] Imported new block headers               count=576  elapsed=283.019ms number=58176 hash=53c83f…b0b06f ignored=0
INFO [01-30|16:21:16] Imported new block receipts              count=576  elapsed=7.636ms   bytes=2304  number=58176 hash=53c83f…b0b06f ignored=0
INFO [01-30|16:21:16] Imported new state entries               count=384  elapsed=3.600ms   processed=113770 pending=8855  retry=0   duplicate=0 unexpected=0
INFO [01-30|16:21:16] Imported new block headers               count=192  elapsed=91.328ms  number=58368 hash=45a1a2…94c2af ignored=0
INFO [01-30|16:21:16] Imported new block receipts              count=96   elapsed=1.383ms   bytes=384   number=58272 hash=4a861d…dec2e6 ignored=0
INFO [01-30|16:21:16] Imported new state entries               count=384  elapsed=1.897ms   processed=114154 pending=8930  retry=0   duplicate=0 unexpected=0
INFO [01-30|16:21:16] Imported new state entries               count=384  elapsed=2.819ms   processed=114538 pending=9012  retry=0   duplicate=0 unexpected=0
INFO [01-30|16:21:16] Imported new block headers               count=192  elapsed=88.329ms  number=58560 hash=759fd6…23d3af ignored=0
INFO [01-30|16:21:16] Imported new block receipts              count=288  elapsed=9.242ms   bytes=1661  number=58560 hash=759fd6…23d3af ignored=0
INFO [01-30|16:21:16] Imported new block headers               count=192  elapsed=97.405ms  number=58752 hash=c55c90…45bfda ignored=0
INFO [01-30|16:21:16] Imported new block receipts              count=192  elapsed=4.274ms   bytes=768   number=58752 hash=c55c90…45bfda ignored=0
INFO [01-30|16:21:17] Imported new state entries               count=1152 elapsed=5.346ms   processed=115690 pending=8271  retry=0   duplicate=0 unexpected=0
INFO [01-30|16:21:17] Imported new block headers               count=576  elapsed=279.897ms number=59328 hash=22e4b2…539eac ignored=0
INFO [01-30|16:21:17] Imported new block receipts              count=2    elapsed=190.224µs bytes=8     number=58754 hash=f03056…f11228 ignored=0
INFO [01-30|16:21:18] Imported new block headers               count=192  elapsed=122.281ms number=59520 hash=a52337…fe520b ignored=0
INFO [01-30|16:21:18] Imported new state entries               count=768  elapsed=3.843ms   processed=116458 pending=7982  retry=0   duplicate=0 unexpected=0
INFO [01-30|16:21:18] Imported new state entries               count=384  elapsed=1.867ms   processed=116842 pending=8237  retry=0   duplicate=0 unexpected=0
INFO [01-30|16:21:18] Imported new block receipts              count=766  elapsed=10.916ms  bytes=4082  number=59520 hash=a52337…fe520b ignored=0
INFO [01-30|16:21:18] Imported new block headers               count=576  elapsed=272.481ms number=60096 hash=92de37…563c46 ignored=0
INFO [01-30|16:21:18] Imported new block receipts              count=75   elapsed=1.235ms   bytes=300   number=59595 hash=6645da…6ccd99 ignored=0
INFO [01-30|16:21:18] Imported new block headers               count=192  elapsed=96.441ms  number=60288 hash=eb67b2…3e94b0 ignored=0
INFO [01-30|16:21:18] Imported new block receipts              count=535  elapsed=8.562ms   bytes=3158  number=60130 hash=c7ea2f…67400a ignored=0
INFO [01-30|16:21:19] Imported new state entries               count=1152 elapsed=4.851ms   processed=117994 pending=7872  retry=0   duplicate=0 unexpected=0
INFO [01-30|16:21:19] Imported new block receipts              count=158  elapsed=4.015ms   bytes=1141  number=60288 hash=eb67b2…3e94b0 ignored=0
INFO [01-30|16:21:19] Imported new block headers               count=384  elapsed=193.728ms number=60672 hash=18fb8a…61b649 ignored=0
INFO [01-30|16:21:19] Imported new block receipts              count=384  elapsed=6.262ms   bytes=1536  number=60672 hash=18fb8a…61b649 ignored=0
INFO [01-30|16:21:19] Imported new block headers               count=192  elapsed=90.800ms  number=60864 hash=998092…cb006f ignored=0
INFO [01-30|16:21:19] Imported new block receipts              count=192  elapsed=9.454ms   bytes=768   number=60864 hash=998092…cb006f ignored=0
INFO [01-30|16:21:19] Imported new state entries               count=768  elapsed=5.366ms   processed=118762 pending=7828  retry=0   duplicate=0 unexpected=0
INFO [01-30|16:21:20] Imported new state entries               count=768  elapsed=2.828ms   processed=119530 pending=7773  retry=0   duplicate=0 unexpected=0
INFO [01-30|16:21:20] Imported new block headers               count=576  elapsed=269.565ms number=61440 hash=f59814…7346cc ignored=0
INFO [01-30|16:21:20] Imported new block receipts              count=576  elapsed=8.374ms   bytes=2304  number=61440 hash=f59814…7346cc ignored=0
INFO [01-30|16:21:20] Imported new state entries               count=384  elapsed=1.850ms   processed=119914 pending=7924  retry=0   duplicate=0 unexpected=0
INFO [01-30|16:21:20] IPC endpoint closed: /Users/kareem/Library/Ethereum/rinkeby/geth.ipc 
INFO [01-30|16:21:20] Blockchain manager stopped 
INFO [01-30|16:21:20] Stopping Ethereum protocol 
INFO [01-30|16:21:20] Ethereum protocol stopped 
INFO [01-30|16:21:20] Transaction pool stopped 
WARN [01-30|16:21:20] Node data write error                    err="state node c7a3d3…935424 failed with all peers (0 tries, 0 peers)"
INFO [01-30|16:21:20] Database closed                          database=/Users/kareem/Library/Ethereum/rinkeby/geth/chaindata
